{"C:\\Users\\USER\\Documents\\andela\\backend-mybrand\\src\\index.ts":{"path":"C:\\Users\\USER\\Documents\\andela\\backend-mybrand\\src\\index.ts","statementMap":{"0":{"start":{"line":2,"column":22},"end":{"line":4,"column":1}},"1":{"start":{"line":3,"column":4},"end":{"line":3,"column":62}},"2":{"start":{"line":5,"column":0},"end":{"line":5,"column":62}},"3":{"start":{"line":6,"column":18},"end":{"line":6,"column":53}},"4":{"start":{"line":7,"column":15},"end":{"line":7,"column":47}},"5":{"start":{"line":8,"column":20},"end":{"line":8,"column":66}},"6":{"start":{"line":9,"column":0},"end":{"line":9,"column":38}},"7":{"start":{"line":10,"column":24},"end":{"line":10,"column":68}},"8":{"start":{"line":11,"column":12},"end":{"line":11,"column":36}},"9":{"start":{"line":12,"column":0},"end":{"line":12,"column":34}},"10":{"start":{"line":13,"column":0},"end":{"line":13,"column":36}},"11":{"start":{"line":14,"column":0},"end":{"line":18,"column":3}},"12":{"start":{"line":15,"column":4},"end":{"line":17,"column":7}},"13":{"start":{"line":19,"column":0},"end":{"line":19,"column":37}},"14":{"start":{"line":20,"column":0},"end":{"line":20,"column":34}},"15":{"start":{"line":21,"column":13},"end":{"line":21,"column":17}},"16":{"start":{"line":22,"column":0},"end":{"line":24,"column":3}},"17":{"start":{"line":23,"column":4},"end":{"line":23,"column":48}},"18":{"start":{"line":25,"column":0},"end":{"line":25,"column":22}}},"fnMap":{"0":{"name":"(anonymous_0)","decl":{"start":{"line":2,"column":56},"end":{"line":2,"column":57}},"loc":{"start":{"line":2,"column":71},"end":{"line":4,"column":1}},"line":2},"1":{"name":"(anonymous_1)","decl":{"start":{"line":14,"column":13},"end":{"line":14,"column":14}},"loc":{"start":{"line":14,"column":27},"end":{"line":18,"column":1}},"line":14},"2":{"name":"(anonymous_2)","decl":{"start":{"line":22,"column":17},"end":{"line":22,"column":18}},"loc":{"start":{"line":22,"column":23},"end":{"line":24,"column":1}},"line":22}},"branchMap":{"0":{"loc":{"start":{"line":2,"column":22},"end":{"line":4,"column":1}},"type":"binary-expr","locations":[{"start":{"line":2,"column":23},"end":{"line":2,"column":27}},{"start":{"line":2,"column":31},"end":{"line":2,"column":51}},{"start":{"line":2,"column":56},"end":{"line":4,"column":1}}],"line":2},"1":{"loc":{"start":{"line":3,"column":11},"end":{"line":3,"column":61}},"type":"cond-expr","locations":[{"start":{"line":3,"column":37},"end":{"line":3,"column":40}},{"start":{"line":3,"column":43},"end":{"line":3,"column":61}}],"line":3},"2":{"loc":{"start":{"line":3,"column":12},"end":{"line":3,"column":33}},"type":"binary-expr","locations":[{"start":{"line":3,"column":12},"end":{"line":3,"column":15}},{"start":{"line":3,"column":19},"end":{"line":3,"column":33}}],"line":3}},"s":{"0":1,"1":4,"2":1,"3":1,"4":1,"5":1,"6":1,"7":1,"8":1,"9":1,"10":1,"11":1,"12":0,"13":1,"14":1,"15":1,"16":1,"17":1,"18":1},"f":{"0":4,"1":0,"2":1},"b":{"0":[1,1,1],"1":[2,2],"2":[4,4]},"inputSourceMap":{"version":3,"file":"C:/Users/USER/Documents/andela/backend-mybrand/src/index.ts","sources":["C:/Users/USER/Documents/andela/backend-mybrand/src/index.ts"],"names":[],"mappings":";;;;;AAAA,sDAA8B;AAC9B,gDAAwB;AACxB,mEAAwC;AACxC,sCAAmC;AACnC,qEAA4C;AAE5C,MAAM,GAAG,GAAG,IAAA,iBAAO,GAAE,CAAC;AACtB,GAAG,CAAC,GAAG,CAAC,iBAAO,CAAC,IAAI,EAAE,CAAC,CAAC;AACxB,GAAG,CAAC,GAAG,CAAC,IAAA,cAAI,EAAC,KAAY,CAAC,CAAC,CAAC;AAG5B,GAAG,CAAC,GAAG,CAAC,GAAG,EAAE,CAAC,GAAoB,EAAE,GAAqB,EAAE,EAAE;IAC3D,GAAG,CAAC,MAAM,CAAC,GAAG,CAAC,CAAC,IAAI,CAAC;QACnB,OAAO,EAAE,qBAAqB;KAC/B,CAAC,CAAC;AACL,CAAC,CAAC,CAAC;AAEH,GAAG,CAAC,GAAG,CAAC,MAAM,EAAE,mBAAM,CAAC,CAAC;AAExB,IAAA,uBAAY,EAAC,GAAG,CAAC,CAAC;AAGlB,MAAM,IAAI,GAAG,IAAI,CAAC;AAElB,GAAG,CAAC,MAAM,CAAC,IAAI,EAAE,GAAE,EAAE;IACjB,OAAO,CAAC,GAAG,CAAC,wBAAwB,IAAI,EAAE,CAAC,CAAC;AAEhD,CAAC,CAAC,CAAC;AAEH,kBAAe,GAAG,CAAC","sourcesContent":["import express from 'express';\r\nimport cors from 'cors';\r\nimport router from './routes/allroutes';\r\nimport './database/config/database'\r\nimport swaggerSetup from '../swaggerConfig';\r\n\r\nconst app = express();\r\napp.use(express.json());\r\napp.use(cors(\" * \" as any));\r\n\r\n\r\napp.get(\"/\", (rep: express.Request, res: express.Response) => {\r\n  res.status(200).json({\r\n    message: \"Welcome to my Brand\",\r\n  });\r\n});\r\n\r\napp.use(\"/api\", router);\r\n\r\nswaggerSetup(app);\r\n\r\n\r\nconst PORT = 6000;\r\n\r\napp.listen(PORT, ()=>{\r\n    console.log(`Server is running on ${PORT}`);\r\n\r\n});\r\n\r\nexport default app;\r\n"]},"_coverageSchema":"1a1c01bbd47fc00a2c39e90264f33305004495a9","hash":"8a93c24d13eb71253ddb40e13dab1b784f0a0826"},"C:\\Users\\USER\\Documents\\andela\\backend-mybrand\\src\\routes\\allroutes.ts":{"path":"C:\\Users\\USER\\Documents\\andela\\backend-mybrand\\src\\routes\\allroutes.ts","statementMap":{"0":{"start":{"line":2,"column":22},"end":{"line":4,"column":1}},"1":{"start":{"line":3,"column":4},"end":{"line":3,"column":62}},"2":{"start":{"line":5,"column":0},"end":{"line":5,"column":62}},"3":{"start":{"line":6,"column":18},"end":{"line":6,"column":53}},"4":{"start":{"line":7,"column":21},"end":{"line":7,"column":61}},"5":{"start":{"line":8,"column":24},"end":{"line":8,"column":67}},"6":{"start":{"line":9,"column":21},"end":{"line":9,"column":61}},"7":{"start":{"line":10,"column":15},"end":{"line":10,"column":41}},"8":{"start":{"line":11,"column":0},"end":{"line":11,"column":43}},"9":{"start":{"line":12,"column":0},"end":{"line":12,"column":49}},"10":{"start":{"line":13,"column":0},"end":{"line":13,"column":43}},"11":{"start":{"line":14,"column":0},"end":{"line":14,"column":25}}},"fnMap":{"0":{"name":"(anonymous_0)","decl":{"start":{"line":2,"column":56},"end":{"line":2,"column":57}},"loc":{"start":{"line":2,"column":71},"end":{"line":4,"column":1}},"line":2}},"branchMap":{"0":{"loc":{"start":{"line":2,"column":22},"end":{"line":4,"column":1}},"type":"binary-expr","locations":[{"start":{"line":2,"column":23},"end":{"line":2,"column":27}},{"start":{"line":2,"column":31},"end":{"line":2,"column":51}},{"start":{"line":2,"column":56},"end":{"line":4,"column":1}}],"line":2},"1":{"loc":{"start":{"line":3,"column":11},"end":{"line":3,"column":61}},"type":"cond-expr","locations":[{"start":{"line":3,"column":37},"end":{"line":3,"column":40}},{"start":{"line":3,"column":43},"end":{"line":3,"column":61}}],"line":3},"2":{"loc":{"start":{"line":3,"column":12},"end":{"line":3,"column":33}},"type":"binary-expr","locations":[{"start":{"line":3,"column":12},"end":{"line":3,"column":15}},{"start":{"line":3,"column":19},"end":{"line":3,"column":33}}],"line":3}},"s":{"0":1,"1":4,"2":1,"3":1,"4":1,"5":1,"6":1,"7":1,"8":1,"9":1,"10":1,"11":1},"f":{"0":4},"b":{"0":[1,1,1],"1":[3,1],"2":[4,4]},"inputSourceMap":{"version":3,"file":"C:/Users/USER/Documents/andela/backend-mybrand/src/routes/allroutes.ts","sources":["C:/Users/USER/Documents/andela/backend-mybrand/src/routes/allroutes.ts"],"names":[],"mappings":";;;;;AAAA,sDAA8B;AAE9B,8DAAqC;AACrC,oEAA4C;AAC5C,8DAAsC;AAEtC,MAAM,MAAM,GAAG,iBAAO,CAAC,MAAM,EAAE,CAAC;AAEhC,MAAM,CAAC,GAAG,CAAC,QAAQ,EAAE,oBAAS,CAAC,CAAC;AAChC,MAAM,CAAC,GAAG,CAAC,WAAW,EAAE,uBAAa,CAAC,CAAA;AACtC,MAAM,CAAC,GAAG,CAAC,QAAQ,EAAE,oBAAU,CAAC,CAAC;AAEjC,kBAAe,MAAM,CAAA","sourcesContent":["import express from 'express';\r\n\r\nimport userRoute from './userRoutes';\r\nimport messageRoutes from './messageRoutes';\r\nimport blogRoutes from './blogRoutes';\r\n\r\nconst router = express.Router();\r\n\r\nrouter.use(\"/users\", userRoute);\r\nrouter.use('/messages', messageRoutes)\r\nrouter.use('/blogs', blogRoutes);\r\n\r\nexport default router"]},"_coverageSchema":"1a1c01bbd47fc00a2c39e90264f33305004495a9","hash":"1f805d4562085e9e016dea4f77836a29e07d24ce"},"C:\\Users\\USER\\Documents\\andela\\backend-mybrand\\src\\routes\\userRoutes.ts":{"path":"C:\\Users\\USER\\Documents\\andela\\backend-mybrand\\src\\routes\\userRoutes.ts","statementMap":{"0":{"start":{"line":2,"column":22},"end":{"line":4,"column":1}},"1":{"start":{"line":3,"column":4},"end":{"line":3,"column":62}},"2":{"start":{"line":5,"column":0},"end":{"line":5,"column":62}},"3":{"start":{"line":6,"column":18},"end":{"line":6,"column":53}},"4":{"start":{"line":7,"column":25},"end":{"line":7,"column":64}},"5":{"start":{"line":8,"column":25},"end":{"line":8,"column":77}},"6":{"start":{"line":9,"column":15},"end":{"line":9,"column":41}},"7":{"start":{"line":78,"column":0},"end":{"line":78,"column":48}},"8":{"start":{"line":131,"column":0},"end":{"line":131,"column":46}},"9":{"start":{"line":159,"column":0},"end":{"line":159,"column":86}},"10":{"start":{"line":204,"column":0},"end":{"line":204,"column":95}},"11":{"start":{"line":205,"column":0},"end":{"line":205,"column":25}}},"fnMap":{"0":{"name":"(anonymous_0)","decl":{"start":{"line":2,"column":56},"end":{"line":2,"column":57}},"loc":{"start":{"line":2,"column":71},"end":{"line":4,"column":1}},"line":2}},"branchMap":{"0":{"loc":{"start":{"line":2,"column":22},"end":{"line":4,"column":1}},"type":"binary-expr","locations":[{"start":{"line":2,"column":23},"end":{"line":2,"column":27}},{"start":{"line":2,"column":31},"end":{"line":2,"column":51}},{"start":{"line":2,"column":56},"end":{"line":4,"column":1}}],"line":2},"1":{"loc":{"start":{"line":3,"column":11},"end":{"line":3,"column":61}},"type":"cond-expr","locations":[{"start":{"line":3,"column":37},"end":{"line":3,"column":40}},{"start":{"line":3,"column":43},"end":{"line":3,"column":61}}],"line":3},"2":{"loc":{"start":{"line":3,"column":12},"end":{"line":3,"column":33}},"type":"binary-expr","locations":[{"start":{"line":3,"column":12},"end":{"line":3,"column":15}},{"start":{"line":3,"column":19},"end":{"line":3,"column":33}}],"line":3}},"s":{"0":1,"1":1,"2":1,"3":1,"4":1,"5":1,"6":1,"7":1,"8":1,"9":1,"10":1,"11":1},"f":{"0":1},"b":{"0":[1,1,1],"1":[0,1],"2":[1,1]},"inputSourceMap":{"version":3,"file":"C:/Users/USER/Documents/andela/backend-mybrand/src/routes/userRoutes.ts","sources":["C:/Users/USER/Documents/andela/backend-mybrand/src/routes/userRoutes.ts"],"names":[],"mappings":";;;;;AAAA,sDAA8B;AAC9B,iEAA8D;AAC9D,8EAAiG;AAEjG,MAAM,MAAM,GAAG,iBAAO,CAAC,MAAM,EAAE,CAAC;AAEhC;;;;;GAKG;AAEH;;;;;;;;GAQG;AAEH;;;;;;;;;;;;;;;;;;;;;;;;;;;;;;;;;;;;;;;;;;;;;;;;;;;;GAoDG;AAEH,MAAM,CAAC,IAAI,CAAC,SAAS,EAAE,uBAAM,CAAC,CAAC;AAE/B;;;;;;;;;;;;;;;;;;;;;;;;;;;;;;;;;;;;;;;;;;;;;;;;;;;GAmDG;AACH,MAAM,CAAC,IAAI,CAAC,QAAQ,EAAE,sBAAK,CAAC,CAAA;AAE5B;;;;;;;;;;;;;;;;;;;;;;;;;;GA0BG;AACH,MAAM,CAAC,GAAG,CAAC,YAAY,EAAC,+BAAc,EAAE,0BAAS,CAAC,CAAA;AAElD;;;;;;;;;;;;;;;;;;;;;;;;;;;;;;;;;;;;;;;;;;;GA2CG;AACH,MAAM,CAAC,MAAM,CAAC,iBAAiB,EAAC,+BAAc,EAAE,2BAAU,CAAC,CAAA;AAE3D,kBAAe,MAAM,CAAC","sourcesContent":["import express from 'express';\r\nimport { authentication } from '../middleware/authentication';\r\nimport { login, signUp, viewUsers, deleteuser } from '../modules/user/controller/userController';\r\n\r\nconst router = express.Router();\r\n\r\n/**\r\n * @swagger\r\n * tags:\r\n *   name: Users\r\n *   description: Users routes\r\n */\r\n\r\n/**\r\n * @swagger\r\n * components:\r\n *   securitySchemes:\r\n *     bearerAuth:\r\n *       type: apiKey\r\n *       name: authorization\r\n *       in: header\r\n */\r\n\r\n/**\r\n * @swagger\r\n * /users/signUp:\r\n *   post:\r\n *     summary: Signup a new user\r\n *     tags:\r\n *       - Users\r\n *     requestBody:\r\n *       description: User data\r\n *       required: true\r\n *       content:\r\n *         application/json:\r\n *           schema:\r\n *             type: object\r\n *             properties:\r\n *               username:\r\n *                 type: string\r\n *               email:\r\n *                 type: string\r\n *               password:\r\n *                 type: string\r\n *           example:\r\n *             username: solange\r\n *             email: solange@gmail.com\r\n *             password: solange123\r\n *     responses:\r\n *       200:\r\n *         description: Success\r\n *         content:\r\n *           application/json:\r\n *             schema:\r\n *               type: object\r\n *               properties:\r\n *                 status:\r\n *                   type: string\r\n *                   example: success\r\n *                 data:\r\n *                   type: object\r\n *                   properties:\r\n *                     user:\r\n *                       type: object\r\n *                       properties:\r\n *                         _id:\r\n *                           type: string\r\n *                         username:\r\n *                           type: string\r\n *                         email:\r\n *                           type: string\r\n *       404:\r\n *         description: Bad Request\r\n *       500:\r\n *         description: Internal Server Error\r\n */\r\n\r\nrouter.post('/signUp', signUp);\r\n\r\n/**\r\n * @swagger\r\n * /api/users/login:\r\n *   post:\r\n *     summary: Login a user\r\n *     tags:\r\n *       - Users\r\n *     requestBody:\r\n *       description: User credentials\r\n *       required: true\r\n *       content:\r\n *         application/json:\r\n *           schema:\r\n *             type: object\r\n *             properties:\r\n *               email:\r\n *                 type: string\r\n *               password:\r\n *                 type: string\r\n *           example:\r\n *             email: \"ihirwe@gmail.com\"\r\n *             password: \"solange123\"\r\n *     responses:\r\n *       200:\r\n *         description: Success\r\n *         content:\r\n *           application/json:\r\n *             schema:\r\n *               type: object\r\n *               properties:\r\n *                 status:\r\n *                   type: string\r\n *                   example: \"success\"\r\n *                 data:\r\n *                   type: object\r\n *                   properties:\r\n *                     user:\r\n *                       type: object\r\n *                       properties:\r\n *                         _id:\r\n *                           type: string\r\n *                         username:\r\n *                           type: string\r\n *                         email:\r\n *                           type: string\r\n *                     token:\r\n *                       type: string\r\n *       404:\r\n *         description: Bad Request\r\n *       500:\r\n *         description: Internal Server Error\r\n */\r\nrouter.post('/login', login)\r\n\r\n/**\r\n * @swagger\r\n * /users/viewusers:\r\n *   get:\r\n *     security:\r\n *       - bearerAuth: []\r\n *     summary: Get a list of all users\r\n *     tags:\r\n *       - Users\r\n *     responses:\r\n *       200:\r\n *         description: Success\r\n *         content:\r\n *           application/json:\r\n *             schema:\r\n *               type: object\r\n *               properties:\r\n *                 message:\r\n *                   type: string\r\n *                   example: \"All users successfully found\"\r\n *                 data:\r\n *                   type: object\r\n *       404:\r\n *         description: User not found\r\n *       500:\r\n *         description: Internal Server Error\r\n */\r\nrouter.get('/viewusers',authentication, viewUsers)\r\n\r\n/**\r\n * @swagger\r\n * /users/deleteuser/{id}:\r\n *   delete:\r\n *     security:\r\n *       - bearerAuth: []\r\n *     summary: Delete a user by ID\r\n *     tags:\r\n *       - Users\r\n *     parameters:\r\n *       - in: path\r\n *         name: id\r\n *         required: true\r\n *         schema:\r\n *           type: string\r\n *         description: User ID\r\n *     responses:\r\n *       200:\r\n *         description: Success\r\n *         content:\r\n *           application/json:\r\n *             schema:\r\n *               type: object\r\n *               properties:\r\n *                 message:\r\n *                   type: string\r\n *                   example: \"User deleted successfully\"\r\n *                 data:\r\n *                   type: object\r\n *                   properties:\r\n *                     deletedUser:\r\n *                       type: object\r\n *                       properties:\r\n *                         _id:\r\n *                           type: string\r\n *                         username:\r\n *                           type: string\r\n *                         email:\r\n *                           type: string\r\n *       404:\r\n *         description: User not found\r\n *       500:\r\n *         description: Internal Server Error\r\n */\r\nrouter.delete('/deleteuser/:id',authentication, deleteuser)\r\n\r\nexport default router;"]},"_coverageSchema":"1a1c01bbd47fc00a2c39e90264f33305004495a9","hash":"e4b8a34000338188437fabd58dbf24615132cbe6"},"C:\\Users\\USER\\Documents\\andela\\backend-mybrand\\src\\middleware\\authentication.ts":{"path":"C:\\Users\\USER\\Documents\\andela\\backend-mybrand\\src\\middleware\\authentication.ts","statementMap":{"0":{"start":{"line":2,"column":22},"end":{"line":4,"column":1}},"1":{"start":{"line":3,"column":4},"end":{"line":3,"column":62}},"2":{"start":{"line":5,"column":0},"end":{"line":5,"column":62}},"3":{"start":{"line":6,"column":0},"end":{"line":6,"column":32}},"4":{"start":{"line":7,"column":23},"end":{"line":7,"column":63}},"5":{"start":{"line":8,"column":16},"end":{"line":8,"column":55}},"6":{"start":{"line":9,"column":23},"end":{"line":22,"column":1}},"7":{"start":{"line":10,"column":23},"end":{"line":10,"column":51}},"8":{"start":{"line":11,"column":18},"end":{"line":11,"column":56}},"9":{"start":{"line":12,"column":4},"end":{"line":14,"column":5}},"10":{"start":{"line":13,"column":8},"end":{"line":13,"column":78}},"11":{"start":{"line":15,"column":4},"end":{"line":21,"column":7}},"12":{"start":{"line":16,"column":8},"end":{"line":18,"column":9}},"13":{"start":{"line":17,"column":12},"end":{"line":17,"column":82}},"14":{"start":{"line":19,"column":8},"end":{"line":19,"column":36}},"15":{"start":{"line":20,"column":8},"end":{"line":20,"column":15}},"16":{"start":{"line":23,"column":0},"end":{"line":23,"column":40}}},"fnMap":{"0":{"name":"(anonymous_0)","decl":{"start":{"line":2,"column":56},"end":{"line":2,"column":57}},"loc":{"start":{"line":2,"column":71},"end":{"line":4,"column":1}},"line":2},"1":{"name":"(anonymous_1)","decl":{"start":{"line":9,"column":23},"end":{"line":9,"column":24}},"loc":{"start":{"line":9,"column":43},"end":{"line":22,"column":1}},"line":9},"2":{"name":"(anonymous_2)","decl":{"start":{"line":15,"column":50},"end":{"line":15,"column":51}},"loc":{"start":{"line":15,"column":68},"end":{"line":21,"column":5}},"line":15}},"branchMap":{"0":{"loc":{"start":{"line":2,"column":22},"end":{"line":4,"column":1}},"type":"binary-expr","locations":[{"start":{"line":2,"column":23},"end":{"line":2,"column":27}},{"start":{"line":2,"column":31},"end":{"line":2,"column":51}},{"start":{"line":2,"column":56},"end":{"line":4,"column":1}}],"line":2},"1":{"loc":{"start":{"line":3,"column":11},"end":{"line":3,"column":61}},"type":"cond-expr","locations":[{"start":{"line":3,"column":37},"end":{"line":3,"column":40}},{"start":{"line":3,"column":43},"end":{"line":3,"column":61}}],"line":3},"2":{"loc":{"start":{"line":3,"column":12},"end":{"line":3,"column":33}},"type":"binary-expr","locations":[{"start":{"line":3,"column":12},"end":{"line":3,"column":15}},{"start":{"line":3,"column":19},"end":{"line":3,"column":33}}],"line":3},"3":{"loc":{"start":{"line":8,"column":16},"end":{"line":8,"column":55}},"type":"binary-expr","locations":[{"start":{"line":8,"column":16},"end":{"line":8,"column":43}},{"start":{"line":8,"column":47},"end":{"line":8,"column":55}}],"line":8},"4":{"loc":{"start":{"line":11,"column":18},"end":{"line":11,"column":56}},"type":"binary-expr","locations":[{"start":{"line":11,"column":18},"end":{"line":11,"column":28}},{"start":{"line":11,"column":32},"end":{"line":11,"column":56}}],"line":11},"5":{"loc":{"start":{"line":12,"column":4},"end":{"line":14,"column":5}},"type":"if","locations":[{"start":{"line":12,"column":4},"end":{"line":14,"column":5}},{"start":{"line":12,"column":4},"end":{"line":14,"column":5}}],"line":12},"6":{"loc":{"start":{"line":16,"column":8},"end":{"line":18,"column":9}},"type":"if","locations":[{"start":{"line":16,"column":8},"end":{"line":18,"column":9}},{"start":{"line":16,"column":8},"end":{"line":18,"column":9}}],"line":16}},"s":{"0":1,"1":1,"2":1,"3":1,"4":1,"5":1,"6":1,"7":2,"8":2,"9":2,"10":2,"11":0,"12":0,"13":0,"14":0,"15":0,"16":1},"f":{"0":1,"1":2,"2":0},"b":{"0":[1,1,1],"1":[0,1],"2":[1,1],"3":[1,1],"4":[2,2],"5":[2,0],"6":[0,0]},"inputSourceMap":{"version":3,"file":"C:/Users/USER/Documents/andela/backend-mybrand/src/middleware/authentication.ts","sources":["C:/Users/USER/Documents/andela/backend-mybrand/src/middleware/authentication.ts"],"names":[],"mappings":";;;;;;AAAA,gEAA+B;AAG/B,MAAM,OAAO,GAAG,OAAO,CAAC,GAAG,CAAC,eAAe,IAAI,QAAQ,CAAC;AAEjD,MAAM,cAAc,GAAG,CAC5B,GAAoB,EACpB,GAAqB,EACrB,IAA0B,EAC1B,EAAE;IACF,MAAM,UAAU,GAAG,GAAG,CAAC,OAAO,CAAC,eAAe,CAAC,CAAC;IAChD,MAAM,KAAK,GAAG,UAAU,IAAI,UAAU,CAAC,KAAK,CAAC,GAAG,CAAC,CAAC,CAAC,CAAC,CAAC;IAErD,IAAI,CAAC,KAAK,EAAE,CAAC;QACX,OAAO,GAAG,CAAC,IAAI,CAAC,EAAE,MAAM,EAAE,KAAK,EAAE,OAAO,EAAE,wBAAwB,EAAE,CAAC,CAAC;IACxE,CAAC;IACD,sBAAG,CAAC,MAAM,CAAC,KAAK,EAAE,OAAO,EAAE,CAAC,GAAG,EAAE,OAAO,EAAE,EAAE;QAC1C,IAAI,GAAG,EAAE,CAAC;YACR,OAAO,GAAG,CAAC,IAAI,CAAC,EAAE,MAAM,EAAE,KAAK,EAAE,OAAO,EAAE,wBAAwB,EAAE,CAAC,CAAC;QACxE,CAAC;QACA,GAAW,CAAC,MAAM,GAAI,OAAe,CAAC,MAAM,CAAC;QAC9C,IAAI,EAAE,CAAC;IACT,CAAC,CAAC,CAAC;AACL,CAAC,CAAC;AAlBW,QAAA,cAAc,kBAkBzB","sourcesContent":["import jwt from 'jsonwebtoken';\r\nimport express from 'express';\r\n\r\nconst JWT_KEY = process.env.WEBTOKEN_SECRET || \"SECRET\";\r\n\r\nexport const authentication = (\r\n  req: express.Request,\r\n  res: express.Response,\r\n  next: express.NextFunction\r\n) => {\r\n  const authHeader = req.headers[\"authorization\"];\r\n  const token = authHeader && authHeader.split(\" \")[1];\r\n\r\n  if (!token) {\r\n    return res.json({ status: false, message: \"you are not logged in.\" });\r\n  }\r\n  jwt.verify(token, JWT_KEY, (err, decoded) => {\r\n    if (err) {\r\n      return res.json({ status: false, message: \"your account not found\" });\r\n    }\r\n    (req as any).userId = (decoded as any).userId;\r\n    next();\r\n  });\r\n};\r\n\r\n"]},"_coverageSchema":"1a1c01bbd47fc00a2c39e90264f33305004495a9","hash":"e17d1830200b9b9b7b711cb5011b8bf257b4a7c9"},"C:\\Users\\USER\\Documents\\andela\\backend-mybrand\\src\\modules\\user\\controller\\userController.ts":{"path":"C:\\Users\\USER\\Documents\\andela\\backend-mybrand\\src\\modules\\user\\controller\\userController.ts","statementMap":{"0":{"start":{"line":2,"column":16},"end":{"line":10,"column":1}},"1":{"start":{"line":3,"column":28},"end":{"line":3,"column":110}},"2":{"start":{"line":3,"column":91},"end":{"line":3,"column":106}},"3":{"start":{"line":4,"column":4},"end":{"line":9,"column":7}},"4":{"start":{"line":5,"column":36},"end":{"line":5,"column":97}},"5":{"start":{"line":5,"column":42},"end":{"line":5,"column":70}},"6":{"start":{"line":5,"column":85},"end":{"line":5,"column":95}},"7":{"start":{"line":6,"column":35},"end":{"line":6,"column":100}},"8":{"start":{"line":6,"column":41},"end":{"line":6,"column":73}},"9":{"start":{"line":6,"column":88},"end":{"line":6,"column":98}},"10":{"start":{"line":7,"column":32},"end":{"line":7,"column":116}},"11":{"start":{"line":8,"column":8},"end":{"line":8,"column":78}},"12":{"start":{"line":11,"column":0},"end":{"line":11,"column":62}},"13":{"start":{"line":12,"column":0},"end":{"line":12,"column":81}},"14":{"start":{"line":13,"column":19},"end":{"line":13,"column":52}},"15":{"start":{"line":14,"column":26},"end":{"line":14,"column":69}},"16":{"start":{"line":15,"column":16},"end":{"line":15,"column":49}},"17":{"start":{"line":16,"column":15},"end":{"line":49,"column":2}},"18":{"start":{"line":16,"column":29},"end":{"line":49,"column":2}},"19":{"start":{"line":17,"column":4},"end":{"line":48,"column":5}},"20":{"start":{"line":18,"column":46},"end":{"line":18,"column":54}},"21":{"start":{"line":19,"column":8},"end":{"line":24,"column":9}},"22":{"start":{"line":20,"column":12},"end":{"line":23,"column":15}},"23":{"start":{"line":25,"column":29},"end":{"line":25,"column":72}},"24":{"start":{"line":26,"column":8},"end":{"line":31,"column":9}},"25":{"start":{"line":27,"column":12},"end":{"line":30,"column":15}},"26":{"start":{"line":32,"column":31},"end":{"line":32,"column":85}},"27":{"start":{"line":33,"column":21},"end":{"line":37,"column":10}},"28":{"start":{"line":38,"column":8},"end":{"line":41,"column":11}},"29":{"start":{"line":44,"column":8},"end":{"line":47,"column":11}},"30":{"start":{"line":50,"column":0},"end":{"line":50,"column":24}},"31":{"start":{"line":51,"column":14},"end":{"line":83,"column":2}},"32":{"start":{"line":51,"column":28},"end":{"line":83,"column":2}},"33":{"start":{"line":52,"column":4},"end":{"line":82,"column":5}},"34":{"start":{"line":53,"column":36},"end":{"line":53,"column":44}},"35":{"start":{"line":54,"column":21},"end":{"line":54,"column":64}},"36":{"start":{"line":55,"column":8},"end":{"line":60,"column":9}},"37":{"start":{"line":56,"column":12},"end":{"line":59,"column":15}},"38":{"start":{"line":61,"column":32},"end":{"line":61,"column":101}},"39":{"start":{"line":62,"column":8},"end":{"line":67,"column":9}},"40":{"start":{"line":63,"column":12},"end":{"line":66,"column":15}},"41":{"start":{"line":68,"column":22},"end":{"line":68,"column":58}},"42":{"start":{"line":69,"column":8},"end":{"line":75,"column":11}},"43":{"start":{"line":78,"column":8},"end":{"line":81,"column":11}},"44":{"start":{"line":84,"column":0},"end":{"line":84,"column":22}},"45":{"start":{"line":85,"column":18},"end":{"line":104,"column":2}},"46":{"start":{"line":85,"column":32},"end":{"line":104,"column":2}},"47":{"start":{"line":86,"column":4},"end":{"line":103,"column":5}},"48":{"start":{"line":87,"column":25},"end":{"line":87,"column":59}},"49":{"start":{"line":88,"column":8},"end":{"line":92,"column":9}},"50":{"start":{"line":89,"column":12},"end":{"line":91,"column":15}},"51":{"start":{"line":93,"column":8},"end":{"line":96,"column":11}},"52":{"start":{"line":99,"column":8},"end":{"line":102,"column":11}},"53":{"start":{"line":105,"column":0},"end":{"line":105,"column":30}},"54":{"start":{"line":106,"column":19},"end":{"line":127,"column":2}},"55":{"start":{"line":106,"column":33},"end":{"line":127,"column":2}},"56":{"start":{"line":107,"column":4},"end":{"line":126,"column":5}},"57":{"start":{"line":108,"column":23},"end":{"line":108,"column":36}},"58":{"start":{"line":109,"column":29},"end":{"line":109,"column":70}},"59":{"start":{"line":110,"column":8},"end":{"line":114,"column":9}},"60":{"start":{"line":111,"column":12},"end":{"line":113,"column":15}},"61":{"start":{"line":115,"column":28},"end":{"line":115,"column":68}},"62":{"start":{"line":116,"column":8},"end":{"line":119,"column":11}},"63":{"start":{"line":122,"column":8},"end":{"line":125,"column":11}},"64":{"start":{"line":128,"column":0},"end":{"line":128,"column":32}}},"fnMap":{"0":{"name":"(anonymous_0)","decl":{"start":{"line":2,"column":44},"end":{"line":2,"column":45}},"loc":{"start":{"line":2,"column":89},"end":{"line":10,"column":1}},"line":2},"1":{"name":"adopt","decl":{"start":{"line":3,"column":13},"end":{"line":3,"column":18}},"loc":{"start":{"line":3,"column":26},"end":{"line":3,"column":112}},"line":3},"2":{"name":"(anonymous_2)","decl":{"start":{"line":3,"column":70},"end":{"line":3,"column":71}},"loc":{"start":{"line":3,"column":89},"end":{"line":3,"column":108}},"line":3},"3":{"name":"(anonymous_3)","decl":{"start":{"line":4,"column":36},"end":{"line":4,"column":37}},"loc":{"start":{"line":4,"column":63},"end":{"line":9,"column":5}},"line":4},"4":{"name":"fulfilled","decl":{"start":{"line":5,"column":17},"end":{"line":5,"column":26}},"loc":{"start":{"line":5,"column":34},"end":{"line":5,"column":99}},"line":5},"5":{"name":"rejected","decl":{"start":{"line":6,"column":17},"end":{"line":6,"column":25}},"loc":{"start":{"line":6,"column":33},"end":{"line":6,"column":102}},"line":6},"6":{"name":"step","decl":{"start":{"line":7,"column":17},"end":{"line":7,"column":21}},"loc":{"start":{"line":7,"column":30},"end":{"line":7,"column":118}},"line":7},"7":{"name":"(anonymous_7)","decl":{"start":{"line":16,"column":15},"end":{"line":16,"column":16}},"loc":{"start":{"line":16,"column":29},"end":{"line":49,"column":2}},"line":16},"8":{"name":"(anonymous_8)","decl":{"start":{"line":16,"column":63},"end":{"line":16,"column":64}},"loc":{"start":{"line":16,"column":76},"end":{"line":49,"column":1}},"line":16},"9":{"name":"(anonymous_9)","decl":{"start":{"line":51,"column":14},"end":{"line":51,"column":15}},"loc":{"start":{"line":51,"column":28},"end":{"line":83,"column":2}},"line":51},"10":{"name":"(anonymous_10)","decl":{"start":{"line":51,"column":62},"end":{"line":51,"column":63}},"loc":{"start":{"line":51,"column":75},"end":{"line":83,"column":1}},"line":51},"11":{"name":"(anonymous_11)","decl":{"start":{"line":85,"column":18},"end":{"line":85,"column":19}},"loc":{"start":{"line":85,"column":32},"end":{"line":104,"column":2}},"line":85},"12":{"name":"(anonymous_12)","decl":{"start":{"line":85,"column":66},"end":{"line":85,"column":67}},"loc":{"start":{"line":85,"column":79},"end":{"line":104,"column":1}},"line":85},"13":{"name":"(anonymous_13)","decl":{"start":{"line":106,"column":19},"end":{"line":106,"column":20}},"loc":{"start":{"line":106,"column":33},"end":{"line":127,"column":2}},"line":106},"14":{"name":"(anonymous_14)","decl":{"start":{"line":106,"column":67},"end":{"line":106,"column":68}},"loc":{"start":{"line":106,"column":80},"end":{"line":127,"column":1}},"line":106}},"branchMap":{"0":{"loc":{"start":{"line":2,"column":16},"end":{"line":10,"column":1}},"type":"binary-expr","locations":[{"start":{"line":2,"column":17},"end":{"line":2,"column":21}},{"start":{"line":2,"column":25},"end":{"line":2,"column":39}},{"start":{"line":2,"column":44},"end":{"line":10,"column":1}}],"line":2},"1":{"loc":{"start":{"line":3,"column":35},"end":{"line":3,"column":109}},"type":"cond-expr","locations":[{"start":{"line":3,"column":56},"end":{"line":3,"column":61}},{"start":{"line":3,"column":64},"end":{"line":3,"column":109}}],"line":3},"2":{"loc":{"start":{"line":4,"column":16},"end":{"line":4,"column":34}},"type":"binary-expr","locations":[{"start":{"line":4,"column":16},"end":{"line":4,"column":17}},{"start":{"line":4,"column":22},"end":{"line":4,"column":33}}],"line":4},"3":{"loc":{"start":{"line":7,"column":32},"end":{"line":7,"column":115}},"type":"cond-expr","locations":[{"start":{"line":7,"column":46},"end":{"line":7,"column":67}},{"start":{"line":7,"column":70},"end":{"line":7,"column":115}}],"line":7},"4":{"loc":{"start":{"line":8,"column":51},"end":{"line":8,"column":67}},"type":"binary-expr","locations":[{"start":{"line":8,"column":51},"end":{"line":8,"column":61}},{"start":{"line":8,"column":65},"end":{"line":8,"column":67}}],"line":8},"5":{"loc":{"start":{"line":19,"column":8},"end":{"line":24,"column":9}},"type":"if","locations":[{"start":{"line":19,"column":8},"end":{"line":24,"column":9}},{"start":{"line":19,"column":8},"end":{"line":24,"column":9}}],"line":19},"6":{"loc":{"start":{"line":19,"column":12},"end":{"line":19,"column":44}},"type":"binary-expr","locations":[{"start":{"line":19,"column":12},"end":{"line":19,"column":21}},{"start":{"line":19,"column":25},"end":{"line":19,"column":31}},{"start":{"line":19,"column":35},"end":{"line":19,"column":44}}],"line":19},"7":{"loc":{"start":{"line":26,"column":8},"end":{"line":31,"column":9}},"type":"if","locations":[{"start":{"line":26,"column":8},"end":{"line":31,"column":9}},{"start":{"line":26,"column":8},"end":{"line":31,"column":9}}],"line":26},"8":{"loc":{"start":{"line":55,"column":8},"end":{"line":60,"column":9}},"type":"if","locations":[{"start":{"line":55,"column":8},"end":{"line":60,"column":9}},{"start":{"line":55,"column":8},"end":{"line":60,"column":9}}],"line":55},"9":{"loc":{"start":{"line":62,"column":8},"end":{"line":67,"column":9}},"type":"if","locations":[{"start":{"line":62,"column":8},"end":{"line":67,"column":9}},{"start":{"line":62,"column":8},"end":{"line":67,"column":9}}],"line":62},"10":{"loc":{"start":{"line":88,"column":8},"end":{"line":92,"column":9}},"type":"if","locations":[{"start":{"line":88,"column":8},"end":{"line":92,"column":9}},{"start":{"line":88,"column":8},"end":{"line":92,"column":9}}],"line":88},"11":{"loc":{"start":{"line":88,"column":12},"end":{"line":88,"column":46}},"type":"binary-expr","locations":[{"start":{"line":88,"column":12},"end":{"line":88,"column":21}},{"start":{"line":88,"column":25},"end":{"line":88,"column":46}}],"line":88},"12":{"loc":{"start":{"line":110,"column":8},"end":{"line":114,"column":9}},"type":"if","locations":[{"start":{"line":110,"column":8},"end":{"line":114,"column":9}},{"start":{"line":110,"column":8},"end":{"line":114,"column":9}}],"line":110}},"s":{"0":1,"1":8,"2":0,"3":6,"4":8,"5":8,"6":0,"7":0,"8":0,"9":0,"10":14,"11":6,"12":1,"13":1,"14":1,"15":1,"16":1,"17":1,"18":2,"19":2,"20":2,"21":2,"22":0,"23":2,"24":2,"25":2,"26":0,"27":0,"28":0,"29":0,"30":1,"31":1,"32":4,"33":4,"34":4,"35":4,"36":4,"37":2,"38":2,"39":2,"40":2,"41":0,"42":0,"43":0,"44":1,"45":1,"46":0,"47":0,"48":0,"49":0,"50":0,"51":0,"52":0,"53":1,"54":1,"55":0,"56":0,"57":0,"58":0,"59":0,"60":0,"61":0,"62":0,"63":0,"64":1},"f":{"0":6,"1":8,"2":0,"3":6,"4":8,"5":0,"6":14,"7":2,"8":2,"9":4,"10":4,"11":0,"12":0,"13":0,"14":0},"b":{"0":[1,1,1],"1":[8,0],"2":[6,6],"3":[6,8],"4":[6,6],"5":[0,2],"6":[2,2,2],"7":[2,0],"8":[2,2],"9":[2,0],"10":[0,0],"11":[0,0],"12":[0,0]},"inputSourceMap":{"version":3,"file":"C:/Users/USER/Documents/andela/backend-mybrand/src/modules/user/controller/userController.ts","sources":["C:/Users/USER/Documents/andela/backend-mybrand/src/modules/user/controller/userController.ts"],"names":[],"mappings":";;;;;;;;;;;;AACA,qDAAyG;AACzG,sEAAmF;AACnF,kDAAuD;AAEhD,MAAM,MAAM,GAAI,CAAM,GAAmB,EAAE,GAAoB,EAAC,EAAE;IACrE,IAAG,CAAC;QACA,MAAK,EAAC,QAAQ,EAAE,KAAK,EAAE,QAAQ,EAAC,GAAG,GAAG,CAAC,IAAI,CAAC;QAC5C,IAAG,CAAC,QAAQ,IAAI,CAAC,KAAK,IAAI,CAAC,QAAQ,EAAC,CAAC;YACjC,OAAO,GAAG,CAAC,MAAM,CAAC,GAAG,CAAC,CAAC,IAAI,CAAC;gBACxB,MAAM,EAAE,MAAM;gBACd,OAAO,EAAE,gCAAgC;aAC5C,CAAC,CAAC;QACP,CAAC;QACD,MAAM,YAAY,GAAG,MAAM,IAAA,yBAAc,EAAC,KAAK,CAAC,CAAC;QACjD,IAAG,YAAY,EAAC,CAAC;YACb,OAAO,GAAG,CAAC,MAAM,CAAC,GAAG,CAAC,CAAC,IAAI,CAAC;gBACxB,MAAM,EAAE,MAAM;gBACd,OAAO,EAAE,oBAAoB;aAChC,CAAC,CAAC;QACP,CAAC;QAED,MAAM,cAAc,GAAG,MAAM,IAAA,iCAAe,EAAC,QAAQ,CAAC,CAAC;QACvD,MAAM,IAAI,GAAG,MAAM,IAAA,qBAAU,EAAC;YAC1B,QAAQ;YACR,KAAK;YACL,QAAQ,EAAE,cAAc;SAC3B,CAAC,CAAC;QACH,OAAO,GAAG,CAAC,MAAM,CAAC,GAAG,CAAC,CAAC,IAAI,CAAC;YACxB,MAAM,EAAC,SAAS;YAChB,IAAI,EAAE,IAAI;SACb,CAAC,CAAC;IACP,CAAC;IAAA,OAAM,KAAU,EAAC,CAAC;QACf,GAAG,CAAC,MAAM,CAAC,GAAG,CAAC,CAAC,IAAI,CAAC;YACjB,OAAO,EAAE,uBAAuB;YAChC,KAAK,EAAE,KAAK,CAAC,OAAO;SACvB,CAAC,CAAA;IACN,CAAC;AACL,CAAC,CAAA,CAAA;AAjCY,QAAA,MAAM,UAiClB;AAEM,MAAM,KAAK,GAAG,CAAM,GAAmB,EAAE,GAAoB,EAAC,EAAE;IACnE,IAAG,CAAC;QACA,MAAK,EAAC,KAAK,EAAE,QAAQ,EAAC,GAAE,GAAG,CAAC,IAAI,CAAC;QACjC,MAAM,IAAI,GAAG,MAAM,IAAA,yBAAc,EAAC,KAAK,CAAC,CAAA;QACxC,IAAG,CAAC,IAAI,EAAC,CAAC;YACN,OAAO,GAAG,CAAC,MAAM,CAAC,GAAG,CAAC,CAAC,IAAI,CAAC;gBACxB,MAAM,EAAE,MAAM;gBACd,OAAO,EAAE,qBAAqB;aACjC,CAAC,CAAC;QACP,CAAC;QAED,MAAM,eAAe,GAAG,MAAM,IAAA,iCAAe,EAAC,QAAQ,EAAE,IAAI,CAAC,QAAQ,CAAC,CAAC;QACvE,IAAG,CAAC,eAAe,EAAC,CAAC;YACjB,OAAO,GAAG,CAAC,MAAM,CAAC,GAAG,CAAC,CAAC,IAAI,CAAC;gBACxB,MAAM,EAAE,MAAM;gBACd,OAAO,EAAC,eAAe;aAC1B,CAAC,CAAC;QACP,CAAC;QACD,MAAM,KAAK,GAAG,IAAA,qBAAa,EAAC,IAAI,CAAC,GAAG,CAAC,CAAC;QACtC,GAAG,CAAC,MAAM,CAAC,GAAG,CAAC,CAAC,IAAI,CAAC;YACjB,MAAM,EAAC,SAAS;YAChB,IAAI,EAAE;gBACF,IAAI;gBACJ,KAAK;aACR;SACJ,CAAC,CAAA;IACN,CAAC;IAAA,OAAM,KAAS,EAAC,CAAC;QACd,GAAG,CAAC,MAAM,CAAC,GAAG,CAAC,CAAC,IAAI,CAAC;YACjB,OAAO,EAAE,uBAAuB;YAChC,KAAK,EAAE,KAAK,CAAC,OAAO;SACvB,CAAC,CAAA;IACN,CAAC;AACL,CAAC,CAAA,CAAA;AAhCY,QAAA,KAAK,SAgCjB;AAEM,MAAM,SAAS,GAAG,CAAM,GAAoB,EAAE,GAAqB,EAAC,EAAE;IACzE,IAAG,CAAC;QACA,MAAM,QAAQ,GAAG,MAAM,IAAA,qBAAU,GAAE,CAAA;QACnC,IAAG,CAAC,QAAQ,IAAI,QAAQ,CAAC,MAAM,KAAK,CAAC,EAAC,CAAC;YACnC,OAAO,GAAG,CAAC,MAAM,CAAC,GAAG,CAAC,CAAC,IAAI,CAAC;gBACxB,OAAO,EAAE,qBAAqB;aACjC,CAAC,CAAA;QACN,CAAC;QACD,OAAO,GAAG,CAAC,MAAM,CAAC,GAAG,CAAC,CAAC,IAAI,CAAC;YACxB,OAAO,EAAE,qBAAqB;YAC9B,IAAI,EAAE,QAAQ;SACjB,CAAC,CAAA;IACN,CAAC;IAAA,OAAM,KAAU,EAAC,CAAC;QACf,OAAO,GAAG,CAAC,MAAM,CAAC,GAAG,CAAC,CAAC,IAAI,CAAC;YACxB,OAAO,EAAE,uBAAuB;YAChC,KAAK,EAAE,KAAK,CAAC,OAAO;SACvB,CAAC,CAAA;IACN,CAAC;AACL,CAAC,CAAA,CAAA;AAlBY,QAAA,SAAS,aAkBrB;AAEM,MAAM,UAAU,GAAG,CAAM,GAAmB,EAAE,GAAoB,EAAC,EAAE;IACxE,IAAG,CAAC;QACA,MAAM,MAAM,GAAG,GAAG,CAAC,MAAM,CAAC,EAAE,CAAC;QAC7B,MAAM,YAAY,GAAI,MAAM,IAAA,sBAAW,EAAC,MAAM,CAAC,CAAC;QAChD,IAAG,CAAC,YAAY,EAAC,CAAC;YACd,OAAO,GAAG,CAAC,MAAM,CAAC,GAAG,CAAC,CAAC,IAAI,CAAC;gBACxB,OAAO,EAAC,gBAAgB;aAC3B,CAAC,CAAC;QACP,CAAC;QACD,MAAM,WAAW,GAAG,MAAM,IAAA,qBAAU,EAAC,MAAM,CAAC,CAAC;QAC7C,OAAO,GAAG,CAAC,MAAM,CAAC,GAAG,CAAC,CAAC,IAAI,CAAC;YACxB,OAAO,EAAC,8BAA8B;YACtC,IAAI,EAAE,WAAW;SACpB,CAAC,CAAC;IAEP,CAAC;IAAA,OAAM,KAAS,EAAC,CAAC;QACd,OAAO,GAAG,CAAC,MAAM,CAAC,GAAG,CAAC,CAAC,IAAI,CAAC;YACxB,OAAO,EAAE,uBAAuB;YAChC,KAAK,EAAE,KAAK,CAAC,OAAO;SACvB,CAAC,CAAC;IACP,CAAC;AACL,CAAC,CAAA,CAAA;AArBY,QAAA,UAAU,cAqBtB","sourcesContent":["import express from 'express';\r\nimport { createUser, deleteUser, getAllUser, getUserByEmail, getUserById } from '../repository/userRepo';\r\nimport { encryptPassword, comparePassword} from '../../../helpers/passwordHelpers';\r\nimport { generateToken } from '../../../helpers/index';\r\n\r\nexport const signUp  = async(req:express.Request, res:express.Response)=>{\r\n    try{\r\n        const{username, email, password} = req.body;\r\n        if(!username || !email || !password){\r\n            return res.status(400).json({\r\n                status: 'fail',\r\n                message: \"please insert your information\"\r\n            });\r\n        }\r\n        const existingUser = await getUserByEmail(email);\r\n        if(existingUser){\r\n            return res.status(400).json({\r\n                status: 'fail',\r\n                message: \"user already exist\"\r\n            });\r\n        }\r\n\r\n        const hashedpassword = await encryptPassword(password);\r\n        const user = await createUser({\r\n            username,\r\n            email,\r\n            password: hashedpassword,\r\n        });\r\n        return res.status(200).json({\r\n            status:'success',\r\n            data: user\r\n        });\r\n    }catch(error: any){\r\n        res.status(500).json({\r\n            message: \"internal error server\",\r\n            error: error.message\r\n        })\r\n    }\r\n}\r\n\r\nexport const login = async(req:express.Request, res:express.Response)=>{\r\n    try{\r\n        const{email, password}= req.body;\r\n        const user = await getUserByEmail(email)\r\n        if(!user){\r\n            return res.status(400).json({\r\n                status: \"fail\",\r\n                message: \"you are not allowed\"\r\n            });\r\n        }\r\n\r\n        const isPasswordMatch = await comparePassword(password, user.password);\r\n        if(!isPasswordMatch){\r\n            return res.status(400).json({\r\n                status: \"fail\",\r\n                message:'wrongPassword'\r\n            });\r\n        }\r\n        const token = generateToken(user._id);\r\n        res.status(200).json({\r\n            status:\"success\",\r\n            data: {\r\n                user,\r\n                token\r\n            }\r\n        })\r\n    }catch(error:any){\r\n        res.status(500).json({\r\n            message: \"internal server error\",\r\n            error: error.message\r\n        })\r\n    }\r\n}\r\n\r\nexport const viewUsers = async(req: express.Request, res: express.Response)=>{\r\n    try{\r\n        const allUsers = await getAllUser()\r\n        if(!allUsers || allUsers.length === 0){\r\n            return res.status(400).json({\r\n                message: \"users are not found\",\r\n            })\r\n        }\r\n        return res.status(200).json({\r\n            message: \"All users are found\",\r\n            data: allUsers\r\n        })\r\n    }catch(error: any){\r\n        return res.status(500).json({\r\n            message: \"Internal server error\",\r\n            error: error.message\r\n        })\r\n    }\r\n}\r\n\r\nexport const deleteuser = async(req:express.Request, res:express.Response)=>{\r\n    try{\r\n        const userId = req.params.id;\r\n        const existingUser  = await getUserById(userId);\r\n        if(!existingUser){\r\n            return res.status(400).json({\r\n                message:\"user not found\"\r\n            });\r\n        }\r\n        const deletedUser = await deleteUser(userId);\r\n        return res.status(200).json({\r\n            message:\"User is deleted successfully\",\r\n            data: deletedUser\r\n        });\r\n\r\n    }catch(error:any){\r\n        return res.status(500).json({\r\n            message: \"internal server error\",\r\n            error: error.message\r\n        });\r\n    }\r\n}"]},"_coverageSchema":"1a1c01bbd47fc00a2c39e90264f33305004495a9","hash":"fe61adb1cb1cbd3373eb02c1a8d333901ee076fb"},"C:\\Users\\USER\\Documents\\andela\\backend-mybrand\\src\\modules\\user\\repository\\userRepo.ts":{"path":"C:\\Users\\USER\\Documents\\andela\\backend-mybrand\\src\\modules\\user\\repository\\userRepo.ts","statementMap":{"0":{"start":{"line":2,"column":16},"end":{"line":10,"column":1}},"1":{"start":{"line":3,"column":28},"end":{"line":3,"column":110}},"2":{"start":{"line":3,"column":91},"end":{"line":3,"column":106}},"3":{"start":{"line":4,"column":4},"end":{"line":9,"column":7}},"4":{"start":{"line":5,"column":36},"end":{"line":5,"column":97}},"5":{"start":{"line":5,"column":42},"end":{"line":5,"column":70}},"6":{"start":{"line":5,"column":85},"end":{"line":5,"column":95}},"7":{"start":{"line":6,"column":35},"end":{"line":6,"column":100}},"8":{"start":{"line":6,"column":41},"end":{"line":6,"column":73}},"9":{"start":{"line":6,"column":88},"end":{"line":6,"column":98}},"10":{"start":{"line":7,"column":32},"end":{"line":7,"column":116}},"11":{"start":{"line":8,"column":8},"end":{"line":8,"column":78}},"12":{"start":{"line":11,"column":22},"end":{"line":13,"column":1}},"13":{"start":{"line":12,"column":4},"end":{"line":12,"column":62}},"14":{"start":{"line":14,"column":0},"end":{"line":14,"column":62}},"15":{"start":{"line":15,"column":0},"end":{"line":15,"column":138}},"16":{"start":{"line":16,"column":15},"end":{"line":16,"column":72}},"17":{"start":{"line":17,"column":19},"end":{"line":19,"column":2}},"18":{"start":{"line":17,"column":29},"end":{"line":19,"column":2}},"19":{"start":{"line":18,"column":4},"end":{"line":18,"column":45}},"20":{"start":{"line":20,"column":0},"end":{"line":20,"column":32}},"21":{"start":{"line":21,"column":19},"end":{"line":23,"column":2}},"22":{"start":{"line":21,"column":25},"end":{"line":23,"column":2}},"23":{"start":{"line":22,"column":4},"end":{"line":22,"column":39}},"24":{"start":{"line":24,"column":0},"end":{"line":24,"column":32}},"25":{"start":{"line":25,"column":20},"end":{"line":27,"column":2}},"26":{"start":{"line":25,"column":28},"end":{"line":27,"column":2}},"27":{"start":{"line":26,"column":4},"end":{"line":26,"column":53}},"28":{"start":{"line":28,"column":0},"end":{"line":28,"column":34}},"29":{"start":{"line":29,"column":23},"end":{"line":31,"column":2}},"30":{"start":{"line":29,"column":34},"end":{"line":31,"column":2}},"31":{"start":{"line":30,"column":4},"end":{"line":30,"column":51}},"32":{"start":{"line":32,"column":0},"end":{"line":32,"column":40}},"33":{"start":{"line":33,"column":19},"end":{"line":35,"column":2}},"34":{"start":{"line":33,"column":27},"end":{"line":35,"column":2}},"35":{"start":{"line":34,"column":4},"end":{"line":34,"column":63}},"36":{"start":{"line":36,"column":0},"end":{"line":36,"column":32}},"37":{"start":{"line":37,"column":19},"end":{"line":39,"column":2}},"38":{"start":{"line":37,"column":27},"end":{"line":39,"column":2}},"39":{"start":{"line":38,"column":4},"end":{"line":38,"column":63}},"40":{"start":{"line":40,"column":0},"end":{"line":40,"column":32}}},"fnMap":{"0":{"name":"(anonymous_0)","decl":{"start":{"line":2,"column":44},"end":{"line":2,"column":45}},"loc":{"start":{"line":2,"column":89},"end":{"line":10,"column":1}},"line":2},"1":{"name":"adopt","decl":{"start":{"line":3,"column":13},"end":{"line":3,"column":18}},"loc":{"start":{"line":3,"column":26},"end":{"line":3,"column":112}},"line":3},"2":{"name":"(anonymous_2)","decl":{"start":{"line":3,"column":70},"end":{"line":3,"column":71}},"loc":{"start":{"line":3,"column":89},"end":{"line":3,"column":108}},"line":3},"3":{"name":"(anonymous_3)","decl":{"start":{"line":4,"column":36},"end":{"line":4,"column":37}},"loc":{"start":{"line":4,"column":63},"end":{"line":9,"column":5}},"line":4},"4":{"name":"fulfilled","decl":{"start":{"line":5,"column":17},"end":{"line":5,"column":26}},"loc":{"start":{"line":5,"column":34},"end":{"line":5,"column":99}},"line":5},"5":{"name":"rejected","decl":{"start":{"line":6,"column":17},"end":{"line":6,"column":25}},"loc":{"start":{"line":6,"column":33},"end":{"line":6,"column":102}},"line":6},"6":{"name":"step","decl":{"start":{"line":7,"column":17},"end":{"line":7,"column":21}},"loc":{"start":{"line":7,"column":30},"end":{"line":7,"column":118}},"line":7},"7":{"name":"(anonymous_7)","decl":{"start":{"line":11,"column":56},"end":{"line":11,"column":57}},"loc":{"start":{"line":11,"column":71},"end":{"line":13,"column":1}},"line":11},"8":{"name":"(anonymous_8)","decl":{"start":{"line":17,"column":19},"end":{"line":17,"column":20}},"loc":{"start":{"line":17,"column":29},"end":{"line":19,"column":2}},"line":17},"9":{"name":"(anonymous_9)","decl":{"start":{"line":17,"column":63},"end":{"line":17,"column":64}},"loc":{"start":{"line":17,"column":76},"end":{"line":19,"column":1}},"line":17},"10":{"name":"(anonymous_10)","decl":{"start":{"line":21,"column":19},"end":{"line":21,"column":20}},"loc":{"start":{"line":21,"column":25},"end":{"line":23,"column":2}},"line":21},"11":{"name":"(anonymous_11)","decl":{"start":{"line":21,"column":59},"end":{"line":21,"column":60}},"loc":{"start":{"line":21,"column":72},"end":{"line":23,"column":1}},"line":21},"12":{"name":"(anonymous_12)","decl":{"start":{"line":25,"column":20},"end":{"line":25,"column":21}},"loc":{"start":{"line":25,"column":28},"end":{"line":27,"column":2}},"line":25},"13":{"name":"(anonymous_13)","decl":{"start":{"line":25,"column":62},"end":{"line":25,"column":63}},"loc":{"start":{"line":25,"column":75},"end":{"line":27,"column":1}},"line":25},"14":{"name":"(anonymous_14)","decl":{"start":{"line":29,"column":23},"end":{"line":29,"column":24}},"loc":{"start":{"line":29,"column":34},"end":{"line":31,"column":2}},"line":29},"15":{"name":"(anonymous_15)","decl":{"start":{"line":29,"column":68},"end":{"line":29,"column":69}},"loc":{"start":{"line":29,"column":81},"end":{"line":31,"column":1}},"line":29},"16":{"name":"(anonymous_16)","decl":{"start":{"line":33,"column":19},"end":{"line":33,"column":20}},"loc":{"start":{"line":33,"column":27},"end":{"line":35,"column":2}},"line":33},"17":{"name":"(anonymous_17)","decl":{"start":{"line":33,"column":61},"end":{"line":33,"column":62}},"loc":{"start":{"line":33,"column":74},"end":{"line":35,"column":1}},"line":33},"18":{"name":"(anonymous_18)","decl":{"start":{"line":37,"column":19},"end":{"line":37,"column":20}},"loc":{"start":{"line":37,"column":27},"end":{"line":39,"column":2}},"line":37},"19":{"name":"(anonymous_19)","decl":{"start":{"line":37,"column":61},"end":{"line":37,"column":62}},"loc":{"start":{"line":37,"column":74},"end":{"line":39,"column":1}},"line":37}},"branchMap":{"0":{"loc":{"start":{"line":2,"column":16},"end":{"line":10,"column":1}},"type":"binary-expr","locations":[{"start":{"line":2,"column":17},"end":{"line":2,"column":21}},{"start":{"line":2,"column":25},"end":{"line":2,"column":39}},{"start":{"line":2,"column":44},"end":{"line":10,"column":1}}],"line":2},"1":{"loc":{"start":{"line":3,"column":35},"end":{"line":3,"column":109}},"type":"cond-expr","locations":[{"start":{"line":3,"column":56},"end":{"line":3,"column":61}},{"start":{"line":3,"column":64},"end":{"line":3,"column":109}}],"line":3},"2":{"loc":{"start":{"line":4,"column":16},"end":{"line":4,"column":34}},"type":"binary-expr","locations":[{"start":{"line":4,"column":16},"end":{"line":4,"column":17}},{"start":{"line":4,"column":22},"end":{"line":4,"column":33}}],"line":4},"3":{"loc":{"start":{"line":7,"column":32},"end":{"line":7,"column":115}},"type":"cond-expr","locations":[{"start":{"line":7,"column":46},"end":{"line":7,"column":67}},{"start":{"line":7,"column":70},"end":{"line":7,"column":115}}],"line":7},"4":{"loc":{"start":{"line":8,"column":51},"end":{"line":8,"column":67}},"type":"binary-expr","locations":[{"start":{"line":8,"column":51},"end":{"line":8,"column":61}},{"start":{"line":8,"column":65},"end":{"line":8,"column":67}}],"line":8},"5":{"loc":{"start":{"line":11,"column":22},"end":{"line":13,"column":1}},"type":"binary-expr","locations":[{"start":{"line":11,"column":23},"end":{"line":11,"column":27}},{"start":{"line":11,"column":31},"end":{"line":11,"column":51}},{"start":{"line":11,"column":56},"end":{"line":13,"column":1}}],"line":11},"6":{"loc":{"start":{"line":12,"column":11},"end":{"line":12,"column":61}},"type":"cond-expr","locations":[{"start":{"line":12,"column":37},"end":{"line":12,"column":40}},{"start":{"line":12,"column":43},"end":{"line":12,"column":61}}],"line":12},"7":{"loc":{"start":{"line":12,"column":12},"end":{"line":12,"column":33}},"type":"binary-expr","locations":[{"start":{"line":12,"column":12},"end":{"line":12,"column":15}},{"start":{"line":12,"column":19},"end":{"line":12,"column":33}}],"line":12}},"s":{"0":1,"1":6,"2":6,"3":6,"4":6,"5":6,"6":0,"7":0,"8":0,"9":0,"10":12,"11":6,"12":1,"13":1,"14":1,"15":1,"16":1,"17":1,"18":0,"19":0,"20":1,"21":1,"22":0,"23":0,"24":1,"25":1,"26":0,"27":0,"28":1,"29":1,"30":6,"31":6,"32":1,"33":1,"34":0,"35":0,"36":1,"37":1,"38":0,"39":0,"40":1},"f":{"0":6,"1":6,"2":6,"3":6,"4":6,"5":0,"6":12,"7":1,"8":0,"9":0,"10":0,"11":0,"12":0,"13":0,"14":6,"15":6,"16":0,"17":0,"18":0,"19":0},"b":{"0":[1,1,1],"1":[0,6],"2":[6,6],"3":[6,6],"4":[6,6],"5":[1,1,1],"6":[1,0],"7":[1,1]},"inputSourceMap":{"version":3,"file":"C:/Users/USER/Documents/andela/backend-mybrand/src/modules/user/repository/userRepo.ts","sources":["C:/Users/USER/Documents/andela/backend-mybrand/src/modules/user/repository/userRepo.ts"],"names":[],"mappings":";;;;;;;;;;;;;;;AAAA,yEAAqD;AAG9C,MAAM,UAAU,GAAG,CAAM,IAAQ,EAAC,EAAE;IACvC,OAAO,MAAM,cAAS,CAAC,MAAM,CAAC,IAAI,CAAC,CAAC;AACxC,CAAC,CAAA,CAAA;AAFY,QAAA,UAAU,cAEtB;AAEM,MAAM,UAAU,GAAG,GAAO,EAAE;IAC/B,OAAO,MAAM,cAAS,CAAC,IAAI,EAAE,CAAC;AAClC,CAAC,CAAA,CAAA;AAFY,QAAA,UAAU,cAEtB;AAEM,MAAM,WAAW,GAAG,CAAM,EAAS,EAAC,EAAE;IACzC,OAAO,MAAM,cAAS,CAAC,OAAO,CAAC,EAAC,GAAG,EAAE,EAAE,EAAC,CAAC,CAAC;AAC9C,CAAC,CAAA,CAAA;AAFY,QAAA,WAAW,eAEvB;AAEM,MAAM,cAAc,GAAG,CAAM,KAAY,EAAC,EAAE;IAC/C,OAAO,MAAM,cAAS,CAAC,OAAO,CAAC,EAAC,KAAK,EAAC,CAAC,CAAC;AAC5C,CAAC,CAAA,CAAA;AAFY,QAAA,cAAc,kBAE1B;AAEM,MAAM,UAAU,GAAG,CAAM,EAAU,EAAC,EAAE;IACzC,OAAO,MAAM,cAAS,CAAC,iBAAiB,CAAC,EAAC,GAAG,EAAC,EAAE,EAAC,CAAC,CAAC;AACvD,CAAC,CAAA,CAAA;AAFY,QAAA,UAAU,cAEtB;AAEM,MAAM,UAAU,GAAG,CAAM,EAAS,EAAC,EAAE;IACxC,OAAO,MAAM,cAAS,CAAC,iBAAiB,CAAC,EAAC,GAAG,EAAC,EAAE,EAAC,CAAC,CAAC;AACvD,CAAC,CAAA,CAAA;AAFY,QAAA,UAAU,cAEtB","sourcesContent":["import UserModel from \"../../../database/models/user\"\r\n\r\n\r\nexport const createUser = async(body:any)=>{\r\n    return await UserModel.create(body);\r\n}\r\n\r\nexport const getAllUser = async()=>{\r\n    return await UserModel.find();\r\n}\r\n\r\nexport const getUserById = async(id:string)=>{\r\n    return await UserModel.findOne({_id: id});\r\n}\r\n\r\nexport const getUserByEmail = async(email:string)=>{\r\n    return await UserModel.findOne({email});\r\n}\r\n\r\nexport const updateUser = async(id: string)=>{\r\n    return await UserModel.findByIdAndUpdate({_id:id});\r\n}\r\n\r\nexport const deleteUser = async(id:string)=>{\r\n    return await UserModel.findByIdAndDelete({_id:id});\r\n}"]},"_coverageSchema":"1a1c01bbd47fc00a2c39e90264f33305004495a9","hash":"77ebd632aa78dd1a8987cc9a172bd2c4211ba2c9"},"C:\\Users\\USER\\Documents\\andela\\backend-mybrand\\src\\helpers\\passwordHelpers.ts":{"path":"C:\\Users\\USER\\Documents\\andela\\backend-mybrand\\src\\helpers\\passwordHelpers.ts","statementMap":{"0":{"start":{"line":2,"column":16},"end":{"line":10,"column":1}},"1":{"start":{"line":3,"column":28},"end":{"line":3,"column":110}},"2":{"start":{"line":3,"column":91},"end":{"line":3,"column":106}},"3":{"start":{"line":4,"column":4},"end":{"line":9,"column":7}},"4":{"start":{"line":5,"column":36},"end":{"line":5,"column":97}},"5":{"start":{"line":5,"column":42},"end":{"line":5,"column":70}},"6":{"start":{"line":5,"column":85},"end":{"line":5,"column":95}},"7":{"start":{"line":6,"column":35},"end":{"line":6,"column":100}},"8":{"start":{"line":6,"column":41},"end":{"line":6,"column":73}},"9":{"start":{"line":6,"column":88},"end":{"line":6,"column":98}},"10":{"start":{"line":7,"column":32},"end":{"line":7,"column":116}},"11":{"start":{"line":8,"column":8},"end":{"line":8,"column":78}},"12":{"start":{"line":11,"column":22},"end":{"line":13,"column":1}},"13":{"start":{"line":12,"column":4},"end":{"line":12,"column":62}},"14":{"start":{"line":14,"column":0},"end":{"line":14,"column":62}},"15":{"start":{"line":15,"column":0},"end":{"line":15,"column":59}},"16":{"start":{"line":16,"column":17},"end":{"line":16,"column":51}},"17":{"start":{"line":17,"column":24},"end":{"line":19,"column":2}},"18":{"start":{"line":17,"column":38},"end":{"line":19,"column":2}},"19":{"start":{"line":18,"column":4},"end":{"line":18,"column":53}},"20":{"start":{"line":20,"column":0},"end":{"line":20,"column":42}},"21":{"start":{"line":21,"column":24},"end":{"line":23,"column":2}},"22":{"start":{"line":21,"column":54},"end":{"line":23,"column":2}},"23":{"start":{"line":22,"column":4},"end":{"line":22,"column":68}},"24":{"start":{"line":24,"column":0},"end":{"line":24,"column":42}}},"fnMap":{"0":{"name":"(anonymous_0)","decl":{"start":{"line":2,"column":44},"end":{"line":2,"column":45}},"loc":{"start":{"line":2,"column":89},"end":{"line":10,"column":1}},"line":2},"1":{"name":"adopt","decl":{"start":{"line":3,"column":13},"end":{"line":3,"column":18}},"loc":{"start":{"line":3,"column":26},"end":{"line":3,"column":112}},"line":3},"2":{"name":"(anonymous_2)","decl":{"start":{"line":3,"column":70},"end":{"line":3,"column":71}},"loc":{"start":{"line":3,"column":89},"end":{"line":3,"column":108}},"line":3},"3":{"name":"(anonymous_3)","decl":{"start":{"line":4,"column":36},"end":{"line":4,"column":37}},"loc":{"start":{"line":4,"column":63},"end":{"line":9,"column":5}},"line":4},"4":{"name":"fulfilled","decl":{"start":{"line":5,"column":17},"end":{"line":5,"column":26}},"loc":{"start":{"line":5,"column":34},"end":{"line":5,"column":99}},"line":5},"5":{"name":"rejected","decl":{"start":{"line":6,"column":17},"end":{"line":6,"column":25}},"loc":{"start":{"line":6,"column":33},"end":{"line":6,"column":102}},"line":6},"6":{"name":"step","decl":{"start":{"line":7,"column":17},"end":{"line":7,"column":21}},"loc":{"start":{"line":7,"column":30},"end":{"line":7,"column":118}},"line":7},"7":{"name":"(anonymous_7)","decl":{"start":{"line":11,"column":56},"end":{"line":11,"column":57}},"loc":{"start":{"line":11,"column":71},"end":{"line":13,"column":1}},"line":11},"8":{"name":"(anonymous_8)","decl":{"start":{"line":17,"column":24},"end":{"line":17,"column":25}},"loc":{"start":{"line":17,"column":38},"end":{"line":19,"column":2}},"line":17},"9":{"name":"(anonymous_9)","decl":{"start":{"line":17,"column":72},"end":{"line":17,"column":73}},"loc":{"start":{"line":17,"column":85},"end":{"line":19,"column":1}},"line":17},"10":{"name":"(anonymous_10)","decl":{"start":{"line":21,"column":24},"end":{"line":21,"column":25}},"loc":{"start":{"line":21,"column":54},"end":{"line":23,"column":2}},"line":21},"11":{"name":"(anonymous_11)","decl":{"start":{"line":21,"column":88},"end":{"line":21,"column":89}},"loc":{"start":{"line":21,"column":101},"end":{"line":23,"column":1}},"line":21}},"branchMap":{"0":{"loc":{"start":{"line":2,"column":16},"end":{"line":10,"column":1}},"type":"binary-expr","locations":[{"start":{"line":2,"column":17},"end":{"line":2,"column":21}},{"start":{"line":2,"column":25},"end":{"line":2,"column":39}},{"start":{"line":2,"column":44},"end":{"line":10,"column":1}}],"line":2},"1":{"loc":{"start":{"line":3,"column":35},"end":{"line":3,"column":109}},"type":"cond-expr","locations":[{"start":{"line":3,"column":56},"end":{"line":3,"column":61}},{"start":{"line":3,"column":64},"end":{"line":3,"column":109}}],"line":3},"2":{"loc":{"start":{"line":4,"column":16},"end":{"line":4,"column":34}},"type":"binary-expr","locations":[{"start":{"line":4,"column":16},"end":{"line":4,"column":17}},{"start":{"line":4,"column":22},"end":{"line":4,"column":33}}],"line":4},"3":{"loc":{"start":{"line":7,"column":32},"end":{"line":7,"column":115}},"type":"cond-expr","locations":[{"start":{"line":7,"column":46},"end":{"line":7,"column":67}},{"start":{"line":7,"column":70},"end":{"line":7,"column":115}}],"line":7},"4":{"loc":{"start":{"line":8,"column":51},"end":{"line":8,"column":67}},"type":"binary-expr","locations":[{"start":{"line":8,"column":51},"end":{"line":8,"column":61}},{"start":{"line":8,"column":65},"end":{"line":8,"column":67}}],"line":8},"5":{"loc":{"start":{"line":11,"column":22},"end":{"line":13,"column":1}},"type":"binary-expr","locations":[{"start":{"line":11,"column":23},"end":{"line":11,"column":27}},{"start":{"line":11,"column":31},"end":{"line":11,"column":51}},{"start":{"line":11,"column":56},"end":{"line":13,"column":1}}],"line":11},"6":{"loc":{"start":{"line":12,"column":11},"end":{"line":12,"column":61}},"type":"cond-expr","locations":[{"start":{"line":12,"column":37},"end":{"line":12,"column":40}},{"start":{"line":12,"column":43},"end":{"line":12,"column":61}}],"line":12},"7":{"loc":{"start":{"line":12,"column":12},"end":{"line":12,"column":33}},"type":"binary-expr","locations":[{"start":{"line":12,"column":12},"end":{"line":12,"column":15}},{"start":{"line":12,"column":19},"end":{"line":12,"column":33}}],"line":12}},"s":{"0":1,"1":2,"2":0,"3":2,"4":2,"5":2,"6":0,"7":0,"8":0,"9":0,"10":4,"11":2,"12":1,"13":1,"14":1,"15":1,"16":1,"17":1,"18":0,"19":0,"20":1,"21":1,"22":2,"23":2,"24":1},"f":{"0":2,"1":2,"2":0,"3":2,"4":2,"5":0,"6":4,"7":1,"8":0,"9":0,"10":2,"11":2},"b":{"0":[1,1,1],"1":[2,0],"2":[2,2],"3":[2,2],"4":[2,2],"5":[1,1,1],"6":[0,1],"7":[1,1]},"inputSourceMap":{"version":3,"file":"C:/Users/USER/Documents/andela/backend-mybrand/src/helpers/passwordHelpers.ts","sources":["C:/Users/USER/Documents/andela/backend-mybrand/src/helpers/passwordHelpers.ts"],"names":[],"mappings":";;;;;;;;;;;;;;;AAAA,oDAA4B;AAEpB,MAAM,eAAe,GAAG,CAAM,QAAgB,EAAC,EAAE;IACrD,OAAO,MAAM,gBAAM,CAAC,IAAI,CAAC,QAAQ,EAAE,EAAE,CAAC,CAAC;AAC3C,CAAC,CAAA,CAAA;AAFa,QAAA,eAAe,mBAE5B;AACM,MAAM,eAAe,GAAG,CAAM,QAAgB,EAAE,cAAsB,EAAC,EAAE;IAC5E,OAAO,MAAM,gBAAM,CAAC,OAAO,CAAC,QAAQ,EAAE,cAAc,CAAC,CAAA;AACzD,CAAC,CAAA,CAAA;AAFY,QAAA,eAAe,mBAE3B","sourcesContent":["import bcrypt from 'bcrypt';\r\n\r\n export const encryptPassword = async(password: string)=>{\r\n    return await bcrypt.hash(password, 10);\r\n}\r\nexport const comparePassword = async(password: string, hashedPassword: string)=>{\r\n    return await bcrypt.compare(password, hashedPassword)\r\n}"]},"_coverageSchema":"1a1c01bbd47fc00a2c39e90264f33305004495a9","hash":"f07a107a971c27aa79056e4257e2e60673f653bc"},"C:\\Users\\USER\\Documents\\andela\\backend-mybrand\\src\\helpers\\index.ts":{"path":"C:\\Users\\USER\\Documents\\andela\\backend-mybrand\\src\\helpers\\index.ts","statementMap":{"0":{"start":{"line":2,"column":22},"end":{"line":4,"column":1}},"1":{"start":{"line":3,"column":4},"end":{"line":3,"column":62}},"2":{"start":{"line":5,"column":0},"end":{"line":5,"column":62}},"3":{"start":{"line":6,"column":0},"end":{"line":6,"column":31}},"4":{"start":{"line":7,"column":23},"end":{"line":7,"column":63}},"5":{"start":{"line":8,"column":24},"end":{"line":8,"column":63}},"6":{"start":{"line":9,"column":22},"end":{"line":12,"column":1}},"7":{"start":{"line":10,"column":18},"end":{"line":10,"column":96}},"8":{"start":{"line":11,"column":4},"end":{"line":11,"column":17}},"9":{"start":{"line":13,"column":0},"end":{"line":13,"column":38}}},"fnMap":{"0":{"name":"(anonymous_0)","decl":{"start":{"line":2,"column":56},"end":{"line":2,"column":57}},"loc":{"start":{"line":2,"column":71},"end":{"line":4,"column":1}},"line":2},"1":{"name":"(anonymous_1)","decl":{"start":{"line":9,"column":22},"end":{"line":9,"column":23}},"loc":{"start":{"line":9,"column":34},"end":{"line":12,"column":1}},"line":9}},"branchMap":{"0":{"loc":{"start":{"line":2,"column":22},"end":{"line":4,"column":1}},"type":"binary-expr","locations":[{"start":{"line":2,"column":23},"end":{"line":2,"column":27}},{"start":{"line":2,"column":31},"end":{"line":2,"column":51}},{"start":{"line":2,"column":56},"end":{"line":4,"column":1}}],"line":2},"1":{"loc":{"start":{"line":3,"column":11},"end":{"line":3,"column":61}},"type":"cond-expr","locations":[{"start":{"line":3,"column":37},"end":{"line":3,"column":40}},{"start":{"line":3,"column":43},"end":{"line":3,"column":61}}],"line":3},"2":{"loc":{"start":{"line":3,"column":12},"end":{"line":3,"column":33}},"type":"binary-expr","locations":[{"start":{"line":3,"column":12},"end":{"line":3,"column":15}},{"start":{"line":3,"column":19},"end":{"line":3,"column":33}}],"line":3},"3":{"loc":{"start":{"line":8,"column":24},"end":{"line":8,"column":63}},"type":"binary-expr","locations":[{"start":{"line":8,"column":24},"end":{"line":8,"column":51}},{"start":{"line":8,"column":55},"end":{"line":8,"column":63}}],"line":8}},"s":{"0":1,"1":1,"2":1,"3":1,"4":1,"5":1,"6":1,"7":0,"8":0,"9":1},"f":{"0":1,"1":0},"b":{"0":[1,1,1],"1":[0,1],"2":[1,1],"3":[1,1]},"inputSourceMap":{"version":3,"file":"C:/Users/USER/Documents/andela/backend-mybrand/src/helpers/index.ts","sources":["C:/Users/USER/Documents/andela/backend-mybrand/src/helpers/index.ts"],"names":[],"mappings":";;;;;;AAAA,gEAA+B;AAG/B,MAAM,eAAe,GAAG,OAAO,CAAC,GAAG,CAAC,eAAe,IAAI,QAAQ,CAAC;AAEzD,MAAM,aAAa,GAAG,CAAC,MAAU,EAAM,EAAE;IAC5C,MAAM,KAAK,GAAG,sBAAG,CAAC,IAAI,CAAC,EAAC,MAAM,EAAC,EAAE,eAAe,EAAE,EAAC,SAAS,EAAC,KAAK,EAAC,CAAC,CAAC;IACrE,OAAO,KAAK,CAAC;AACjB,CAAC,CAAA;AAHY,QAAA,aAAa,iBAGzB","sourcesContent":["import jwt from 'jsonwebtoken';\r\nimport { encryptPassword, comparePassword } from './passwordHelpers';\r\n\r\nconst WEBTOKEN_SECRET = process.env.WEBTOKEN_SECRET || 'SECRET';\r\n\r\nexport const generateToken = (userid:any):any =>{\r\n    const token = jwt.sign({userid}, WEBTOKEN_SECRET, {expiresIn:'12h'});\r\n    return token;\r\n}"]},"_coverageSchema":"1a1c01bbd47fc00a2c39e90264f33305004495a9","hash":"b62c776562574035079c362bd762de04a3c08624"},"C:\\Users\\USER\\Documents\\andela\\backend-mybrand\\src\\routes\\messageRoutes.ts":{"path":"C:\\Users\\USER\\Documents\\andela\\backend-mybrand\\src\\routes\\messageRoutes.ts","statementMap":{"0":{"start":{"line":2,"column":22},"end":{"line":4,"column":1}},"1":{"start":{"line":3,"column":4},"end":{"line":3,"column":62}},"2":{"start":{"line":5,"column":0},"end":{"line":5,"column":62}},"3":{"start":{"line":6,"column":18},"end":{"line":6,"column":53}},"4":{"start":{"line":7,"column":25},"end":{"line":7,"column":64}},"5":{"start":{"line":8,"column":28},"end":{"line":8,"column":86}},"6":{"start":{"line":9,"column":15},"end":{"line":9,"column":41}},"7":{"start":{"line":78,"column":0},"end":{"line":78,"column":65}},"8":{"start":{"line":118,"column":0},"end":{"line":118,"column":94}},"9":{"start":{"line":165,"column":0},"end":{"line":165,"column":104}},"10":{"start":{"line":166,"column":0},"end":{"line":166,"column":25}}},"fnMap":{"0":{"name":"(anonymous_0)","decl":{"start":{"line":2,"column":56},"end":{"line":2,"column":57}},"loc":{"start":{"line":2,"column":71},"end":{"line":4,"column":1}},"line":2}},"branchMap":{"0":{"loc":{"start":{"line":2,"column":22},"end":{"line":4,"column":1}},"type":"binary-expr","locations":[{"start":{"line":2,"column":23},"end":{"line":2,"column":27}},{"start":{"line":2,"column":31},"end":{"line":2,"column":51}},{"start":{"line":2,"column":56},"end":{"line":4,"column":1}}],"line":2},"1":{"loc":{"start":{"line":3,"column":11},"end":{"line":3,"column":61}},"type":"cond-expr","locations":[{"start":{"line":3,"column":37},"end":{"line":3,"column":40}},{"start":{"line":3,"column":43},"end":{"line":3,"column":61}}],"line":3},"2":{"loc":{"start":{"line":3,"column":12},"end":{"line":3,"column":33}},"type":"binary-expr","locations":[{"start":{"line":3,"column":12},"end":{"line":3,"column":15}},{"start":{"line":3,"column":19},"end":{"line":3,"column":33}}],"line":3}},"s":{"0":1,"1":1,"2":1,"3":1,"4":1,"5":1,"6":1,"7":1,"8":1,"9":1,"10":1},"f":{"0":1},"b":{"0":[1,1,1],"1":[0,1],"2":[1,1]},"inputSourceMap":{"version":3,"file":"C:/Users/USER/Documents/andela/backend-mybrand/src/routes/messageRoutes.ts","sources":["C:/Users/USER/Documents/andela/backend-mybrand/src/routes/messageRoutes.ts"],"names":[],"mappings":";;;;;AAAA,sDAA8B;AAC9B,iEAA8D;AAC9D,uFAA6G;AAE7G,MAAM,MAAM,GAAG,iBAAO,CAAC,MAAM,EAAE,CAAC;AAEhC;;;;;GAKG;AAEH;;;;;;;;GAQG;AAEH;;;;;;;;;;;;;;;;;;;;;;;;;;;;;;;;;;;;;;;;;;;;;;;;;;;;GAoDG;AAEH,MAAM,CAAC,IAAI,CAAC,gBAAgB,EAAE,iCAAa,CAAC,CAAC;AAE7C;;;;;;;;;;;;;;;;;;;;;;;;;;;;;;;;;;;;;;GAsCG;AACH,MAAM,CAAC,GAAG,CAAC,cAAc,EAAC,+BAAc,EAAE,gCAAY,CAAC,CAAC;AAExD;;;;;;;;;;;;;;;;;;;;;;;;;;;;;;;;;;;;;;;;;;;;;GA6CG;AACH,MAAM,CAAC,MAAM,CAAC,oBAAoB,EAAE,+BAAc,EAAG,iCAAa,CAAC,CAAA;AAEnE,kBAAe,MAAM,CAAC","sourcesContent":["import express from 'express';\r\nimport { authentication } from '../middleware/authentication';\r\nimport { createMessage, viewMessages, deleteMessage } from '../modules/message/controller/messageController';\r\n\r\nconst router = express.Router();\r\n\r\n/**\r\n * @swagger\r\n * tags:\r\n *   name: Message\r\n *   description: Message routes\r\n */\r\n\r\n/**\r\n * @swagger\r\n * components:\r\n *   securitySchemes:\r\n *     bearerAuth:\r\n *       type: apiKey\r\n *       name: authorization\r\n *       in: header\r\n */\r\n\r\n/**\r\n * @swagger\r\n * /messages/createMessage:\r\n *   post:\r\n *     summary: Create a new message\r\n *     tags:\r\n *       - Message\r\n *     requestBody:\r\n *       description: message data\r\n *       required: true\r\n *       content:\r\n *         application/json:\r\n *           schema:\r\n *             type: object\r\n *             properties:\r\n *               name:\r\n *                 type: string\r\n *               email:\r\n *                 type: string\r\n *               message:\r\n *                 type: string\r\n *           example:\r\n *             name: \"saddock\"\r\n *             email: \"saddock@gmail.com\"\r\n *             message: \"Hello there!\"\r\n *     responses:\r\n *       200:\r\n *         description: Success\r\n *         content:\r\n *           application/json:\r\n *             schema:\r\n *               type: object\r\n *               properties:\r\n *                 message:\r\n *                   type: string\r\n *                   example: \"Message Sent\"\r\n *                 data:\r\n *                   type: object\r\n *                   properties:\r\n *                     newMessage:\r\n *                       type: object\r\n *                       properties:\r\n *                         _id:\r\n *                           type: string\r\n *                         name:\r\n *                           type: string\r\n *                         email:\r\n *                           type: string\r\n *                         message:\r\n *                           type: string\r\n *       500:\r\n *         description: Internal Server Error\r\n */\r\n\r\nrouter.post(\"/createMessage\", createMessage);\r\n\r\n/**\r\n * @swagger\r\n * /messages/viewMessage:\r\n *   get:\r\n *     security:\r\n *       - bearerAuth: []\r\n *     summary: Get a list of all messages\r\n *     tags:\r\n *       - Message\r\n *     responses:\r\n *       200:\r\n *         description: Success\r\n *         content:\r\n *           application/json:\r\n *             schema:\r\n *               type: object\r\n *               properties:\r\n *                 message:\r\n *                   type: string\r\n *                   example: \"All Messages successfully found\"\r\n *                 data:\r\n *                   type: object\r\n *                   properties:\r\n *                     allMessages:\r\n *                       type: object\r\n *                       properties:\r\n *                         _id:\r\n *                           type: string\r\n *                         name:\r\n *                           type: string\r\n *                         email:\r\n *                           type: string\r\n *                         message:\r\n *                           type: string\r\n *       404:\r\n *         description: messages were not found\r\n *       500:\r\n *         description: Internal Server Error\r\n */\r\nrouter.get(\"/viewMessage\",authentication, viewMessages);\r\n\r\n/**\r\n * @swagger\r\n * /messages/deleteMessage/{id}:\r\n *   delete:\r\n *     security:\r\n *       - bearerAuth: []\r\n *     summary: Delete a message by ID\r\n *     tags:\r\n *       - Message\r\n *     parameters:\r\n *       - in: path\r\n *         name: id\r\n *         required: true\r\n *         schema:\r\n *           type: string\r\n *         description: message ID\r\n *     responses:\r\n *       200:\r\n *         description: Success\r\n *         content:\r\n *           application/json:\r\n *             schema:\r\n *               type: object\r\n *               properties:\r\n *                 message:\r\n *                   type: string\r\n *                   example: \"Message deleted successfully\"\r\n *                 data:\r\n *                   type: object\r\n *                   properties:\r\n *                     deletedMessage:\r\n *                       type: object\r\n *                       properties:\r\n *                         _id:\r\n *                           type: string\r\n *                         name:\r\n *                           type: string\r\n *                         email:\r\n *                           type: string\r\n *                         message:\r\n *                           type: string\r\n *       404:\r\n *         description: Message not found\r\n *       500:\r\n *         description: Internal Server Error\r\n */\r\nrouter.delete(\"/deleteMessage/:id\", authentication,  deleteMessage)\r\n\r\nexport default router;"]},"_coverageSchema":"1a1c01bbd47fc00a2c39e90264f33305004495a9","hash":"2b0426dfed5ecc94c5f24487d1006f949713bc38"},"C:\\Users\\USER\\Documents\\andela\\backend-mybrand\\src\\modules\\message\\controller\\messageController.ts":{"path":"C:\\Users\\USER\\Documents\\andela\\backend-mybrand\\src\\modules\\message\\controller\\messageController.ts","statementMap":{"0":{"start":{"line":2,"column":16},"end":{"line":10,"column":1}},"1":{"start":{"line":3,"column":28},"end":{"line":3,"column":110}},"2":{"start":{"line":3,"column":91},"end":{"line":3,"column":106}},"3":{"start":{"line":4,"column":4},"end":{"line":9,"column":7}},"4":{"start":{"line":5,"column":36},"end":{"line":5,"column":97}},"5":{"start":{"line":5,"column":42},"end":{"line":5,"column":70}},"6":{"start":{"line":5,"column":85},"end":{"line":5,"column":95}},"7":{"start":{"line":6,"column":35},"end":{"line":6,"column":100}},"8":{"start":{"line":6,"column":41},"end":{"line":6,"column":73}},"9":{"start":{"line":6,"column":88},"end":{"line":6,"column":98}},"10":{"start":{"line":7,"column":32},"end":{"line":7,"column":116}},"11":{"start":{"line":8,"column":8},"end":{"line":8,"column":78}},"12":{"start":{"line":11,"column":0},"end":{"line":11,"column":62}},"13":{"start":{"line":12,"column":0},"end":{"line":12,"column":78}},"14":{"start":{"line":13,"column":22},"end":{"line":13,"column":58}},"15":{"start":{"line":14,"column":22},"end":{"line":29,"column":2}},"16":{"start":{"line":14,"column":36},"end":{"line":29,"column":2}},"17":{"start":{"line":15,"column":4},"end":{"line":28,"column":5}},"18":{"start":{"line":16,"column":50},"end":{"line":16,"column":58}},"19":{"start":{"line":17,"column":27},"end":{"line":17,"column":101}},"20":{"start":{"line":18,"column":8},"end":{"line":21,"column":11}},"21":{"start":{"line":24,"column":8},"end":{"line":27,"column":11}},"22":{"start":{"line":30,"column":0},"end":{"line":30,"column":38}},"23":{"start":{"line":31,"column":21},"end":{"line":50,"column":2}},"24":{"start":{"line":31,"column":35},"end":{"line":50,"column":2}},"25":{"start":{"line":32,"column":4},"end":{"line":49,"column":5}},"26":{"start":{"line":33,"column":28},"end":{"line":33,"column":69}},"27":{"start":{"line":34,"column":8},"end":{"line":38,"column":9}},"28":{"start":{"line":35,"column":12},"end":{"line":37,"column":15}},"29":{"start":{"line":39,"column":8},"end":{"line":42,"column":11}},"30":{"start":{"line":45,"column":8},"end":{"line":48,"column":11}},"31":{"start":{"line":51,"column":0},"end":{"line":51,"column":36}},"32":{"start":{"line":52,"column":22},"end":{"line":73,"column":2}},"33":{"start":{"line":52,"column":36},"end":{"line":73,"column":2}},"34":{"start":{"line":53,"column":4},"end":{"line":72,"column":5}},"35":{"start":{"line":54,"column":28},"end":{"line":54,"column":41}},"36":{"start":{"line":55,"column":32},"end":{"line":55,"column":84}},"37":{"start":{"line":56,"column":8},"end":{"line":60,"column":9}},"38":{"start":{"line":57,"column":12},"end":{"line":59,"column":15}},"39":{"start":{"line":61,"column":31},"end":{"line":61,"column":86}},"40":{"start":{"line":62,"column":8},"end":{"line":65,"column":11}},"41":{"start":{"line":68,"column":8},"end":{"line":71,"column":11}},"42":{"start":{"line":74,"column":0},"end":{"line":74,"column":38}}},"fnMap":{"0":{"name":"(anonymous_0)","decl":{"start":{"line":2,"column":44},"end":{"line":2,"column":45}},"loc":{"start":{"line":2,"column":89},"end":{"line":10,"column":1}},"line":2},"1":{"name":"adopt","decl":{"start":{"line":3,"column":13},"end":{"line":3,"column":18}},"loc":{"start":{"line":3,"column":26},"end":{"line":3,"column":112}},"line":3},"2":{"name":"(anonymous_2)","decl":{"start":{"line":3,"column":70},"end":{"line":3,"column":71}},"loc":{"start":{"line":3,"column":89},"end":{"line":3,"column":108}},"line":3},"3":{"name":"(anonymous_3)","decl":{"start":{"line":4,"column":36},"end":{"line":4,"column":37}},"loc":{"start":{"line":4,"column":63},"end":{"line":9,"column":5}},"line":4},"4":{"name":"fulfilled","decl":{"start":{"line":5,"column":17},"end":{"line":5,"column":26}},"loc":{"start":{"line":5,"column":34},"end":{"line":5,"column":99}},"line":5},"5":{"name":"rejected","decl":{"start":{"line":6,"column":17},"end":{"line":6,"column":25}},"loc":{"start":{"line":6,"column":33},"end":{"line":6,"column":102}},"line":6},"6":{"name":"step","decl":{"start":{"line":7,"column":17},"end":{"line":7,"column":21}},"loc":{"start":{"line":7,"column":30},"end":{"line":7,"column":118}},"line":7},"7":{"name":"(anonymous_7)","decl":{"start":{"line":14,"column":22},"end":{"line":14,"column":23}},"loc":{"start":{"line":14,"column":36},"end":{"line":29,"column":2}},"line":14},"8":{"name":"(anonymous_8)","decl":{"start":{"line":14,"column":70},"end":{"line":14,"column":71}},"loc":{"start":{"line":14,"column":83},"end":{"line":29,"column":1}},"line":14},"9":{"name":"(anonymous_9)","decl":{"start":{"line":31,"column":21},"end":{"line":31,"column":22}},"loc":{"start":{"line":31,"column":35},"end":{"line":50,"column":2}},"line":31},"10":{"name":"(anonymous_10)","decl":{"start":{"line":31,"column":69},"end":{"line":31,"column":70}},"loc":{"start":{"line":31,"column":82},"end":{"line":50,"column":1}},"line":31},"11":{"name":"(anonymous_11)","decl":{"start":{"line":52,"column":22},"end":{"line":52,"column":23}},"loc":{"start":{"line":52,"column":36},"end":{"line":73,"column":2}},"line":52},"12":{"name":"(anonymous_12)","decl":{"start":{"line":52,"column":70},"end":{"line":52,"column":71}},"loc":{"start":{"line":52,"column":83},"end":{"line":73,"column":1}},"line":52}},"branchMap":{"0":{"loc":{"start":{"line":2,"column":16},"end":{"line":10,"column":1}},"type":"binary-expr","locations":[{"start":{"line":2,"column":17},"end":{"line":2,"column":21}},{"start":{"line":2,"column":25},"end":{"line":2,"column":39}},{"start":{"line":2,"column":44},"end":{"line":10,"column":1}}],"line":2},"1":{"loc":{"start":{"line":3,"column":35},"end":{"line":3,"column":109}},"type":"cond-expr","locations":[{"start":{"line":3,"column":56},"end":{"line":3,"column":61}},{"start":{"line":3,"column":64},"end":{"line":3,"column":109}}],"line":3},"2":{"loc":{"start":{"line":4,"column":16},"end":{"line":4,"column":34}},"type":"binary-expr","locations":[{"start":{"line":4,"column":16},"end":{"line":4,"column":17}},{"start":{"line":4,"column":22},"end":{"line":4,"column":33}}],"line":4},"3":{"loc":{"start":{"line":7,"column":32},"end":{"line":7,"column":115}},"type":"cond-expr","locations":[{"start":{"line":7,"column":46},"end":{"line":7,"column":67}},{"start":{"line":7,"column":70},"end":{"line":7,"column":115}}],"line":7},"4":{"loc":{"start":{"line":8,"column":51},"end":{"line":8,"column":67}},"type":"binary-expr","locations":[{"start":{"line":8,"column":51},"end":{"line":8,"column":61}},{"start":{"line":8,"column":65},"end":{"line":8,"column":67}}],"line":8},"5":{"loc":{"start":{"line":34,"column":8},"end":{"line":38,"column":9}},"type":"if","locations":[{"start":{"line":34,"column":8},"end":{"line":38,"column":9}},{"start":{"line":34,"column":8},"end":{"line":38,"column":9}}],"line":34},"6":{"loc":{"start":{"line":34,"column":12},"end":{"line":34,"column":52}},"type":"binary-expr","locations":[{"start":{"line":34,"column":12},"end":{"line":34,"column":24}},{"start":{"line":34,"column":28},"end":{"line":34,"column":52}}],"line":34},"7":{"loc":{"start":{"line":56,"column":8},"end":{"line":60,"column":9}},"type":"if","locations":[{"start":{"line":56,"column":8},"end":{"line":60,"column":9}},{"start":{"line":56,"column":8},"end":{"line":60,"column":9}}],"line":56}},"s":{"0":1,"1":1,"2":0,"3":1,"4":0,"5":0,"6":0,"7":1,"8":1,"9":0,"10":2,"11":1,"12":1,"13":1,"14":1,"15":1,"16":1,"17":1,"18":1,"19":1,"20":0,"21":1,"22":1,"23":1,"24":0,"25":0,"26":0,"27":0,"28":0,"29":0,"30":0,"31":1,"32":1,"33":0,"34":0,"35":0,"36":0,"37":0,"38":0,"39":0,"40":0,"41":0,"42":1},"f":{"0":1,"1":1,"2":0,"3":1,"4":0,"5":1,"6":2,"7":1,"8":1,"9":0,"10":0,"11":0,"12":0},"b":{"0":[1,1,1],"1":[1,0],"2":[1,1],"3":[1,1],"4":[1,1],"5":[0,0],"6":[0,0],"7":[0,0]},"inputSourceMap":{"version":3,"file":"C:/Users/USER/Documents/andela/backend-mybrand/src/modules/message/controller/messageController.ts","sources":["C:/Users/USER/Documents/andela/backend-mybrand/src/modules/message/controller/messageController.ts"],"names":[],"mappings":";;;;;;;;;;;;AACA,2DAA8G;AAEvG,MAAM,aAAa,GAAG,CAAO,GAAoB,EAAE,GAAqB,EAAE,EAAE;IAC/E,IAAI,CAAC;QACD,MAAM,EAAE,IAAI,EAAE,OAAO,EAAE,KAAK,EAAE,OAAO,EAAE,GAAG,GAAG,CAAC,IAAI,CAAA;QAClD,MAAM,UAAU,GAAG,MAAM,IAAA,4BAAc,EAAC,EAAE,IAAI,EAAE,OAAO,EAAE,KAAK,EAAE,OAAO,EAAE,CAAC,CAAA;QAC1E,OAAO,GAAG,CAAC,MAAM,CAAC,GAAG,CAAC,CAAC,IAAI,CAAC;YACxB,OAAO,EAAE,cAAc;YACvB,IAAI,EAAE,UAAU;SACnB,CAAC,CAAA;IACN,CAAC;IAAC,OAAO,KAAU,EAAE,CAAC;QAClB,GAAG,CAAC,MAAM,CAAC,GAAG,CAAC,CAAC,IAAI,CAAC;YACjB,OAAO,EAAE,uBAAuB;YAChC,KAAK,EAAE,KAAK,CAAC,OAAO;SACvB,CAAC,CAAC;IACP,CAAC;
[...]
EtD,MAAM,YAAY,GAAG,CACnB,YAAiB,EACmC,EAAE;IACtD,IAAI,CAAC;QACH,IAAI,CAAC,YAAY,CAAC,IAAI,EAAE,CAAC;YACvB,MAAM,IAAI,KAAK,CAAC,kBAAkB,CAAC,CAAC;QACtC,CAAC;QACD,MAAM,MAAM,GAAG,MAAM,uBAAU,CAAC,QAAQ,CAAC,MAAM,CAAC,YAAY,aAAZ,YAAY,uBAAZ,YAAY,CAAE,IAAI,CAAC,CAAC;QACpE,OAAO;YACL,SAAS,EAAE,MAAM,CAAC,SAAS;YAC3B,UAAU,EAAE,MAAM,CAAC,UAAU;SAC9B,CAAC;IACJ,CAAC;IAAC,OAAO,KAAK,EAAE,CAAC;QACf,OAAO,CAAC,GAAG,CAAC,KAAK,CAAC,CAAC;QACnB,MAAM,IAAI,KAAK,CAAC,qBAAqB,CAAC,CAAC;IACzC,CAAC;AACH,CAAC,CAAA,CAAC;AACF,cAAc;AACD,QAAA,WAAW,GAAG,YAAY,CACrC,CAAO,GAAoB,EAAE,GAAqB,EAAiB,EAAE;IACnE,IAAI,CAAC;QACH,IAAI,CAAC,GAAG,CAAC,IAAI,EAAE,CAAC;YACd,GAAG,CAAC,MAAM,CAAC,GAAG,CAAC,CAAC,IAAI,CAAC;gBACnB,OAAO,EAAE,wBAAwB;aAClC,CAAC,CAAC;QACL,CAAC;QACD,MAAM,MAAM,GAAG,MAAM,YAAY,CAAC,GAAG,CAAC,IAAI,CAAC,CAAC;QAC5C,qBAAqB;QACrB,MAAM,QAAQ,GAAG;YACf,KAAK,EAAE,GAAG,CAAC,IAAI,CAAC,KAAK;YACrB,WAAW,EAAE,GAAG,CAAC,IAAI,CAAC,WAAW;YACjC,OAAO,EAAE,GAAG,CAAC,IAAI,CAAC,OAAO;YACzB,KAAK,EAAE;gBACL,SAAS,EAAE,MAAM,aAAN,MAAM,uBAAN,MAAM,CAAE,SAAS;gBAC5B,GAAG,EAAE,MAAM,aAAN,MAAM,uBAAN,MAAM,CAAE,UAAU;aACxB;SACF,CAAC;QACF,uBAAuB;QACvB,MAAM,KAAK,GAAG,MAAM,IAAA,qBAAU,EAAC,QAAQ,CAAC,CAAC;QACzC,GAAG;aACA,MAAM,CAAC,GAAG,CAAC;aACX,IAAI,CAAC,EAAE,UAAU,EAAE,KAAK,EAAE,OAAO,EAAE,2BAA2B,EAAE,CAAC,CAAC;IACvE,CAAC;IAAC,OAAO,KAAK,EAAE,CAAC;QACf,GAAG,CAAC,MAAM,CAAC,GAAG,CAAC,CAAC,IAAI,CAAC;YACnB,OAAO,EAAE,uBAAuB;SACjC,CAAC,CAAC;IACL,CAAC;AACH,CAAC,CAAA,CACF,CAAC;AAEF,eAAe;AACR,MAAM,SAAS,GAAG,CACvB,GAAoB,EACpB,GAAqB,EACrB,EAAE;IACF,IAAI,CAAC;QACH,MAAM,QAAQ,GAAG,MAAM,IAAA,qBAAU,GAAE,CAAC;QACpC,IAAI,CAAC,QAAQ,IAAI,QAAQ,CAAC,MAAM,KAAK,CAAC,EAAE,CAAC;YACvC,OAAO,GAAG,CAAC,MAAM,CAAC,GAAG,CAAC,CAAC,IAAI,CAAC;gBAC1B,OAAO,EAAE,sBAAsB;aAChC,CAAC,CAAC;QACL,CAAC;QACD,OAAO,GAAG,CAAC,MAAM,CAAC,GAAG,CAAC,CAAC,IAAI,CAAC;YAC1B,OAAO,EAAE,mCAAmC;YAC5C,IAAI,EAAE,QAAQ;SACf,CAAC,CAAC;IACL,CAAC;IAAC,OAAO,KAAU,EAAE,CAAC;QACpB,OAAO,GAAG,CAAC,MAAM,CAAC,GAAG,CAAC,CAAC,IAAI,CAAC;YAC1B,OAAO,EAAE,uBAAuB;YAChC,KAAK,EAAE,KAAK,CAAC,OAAO;SACrB,CAAC,CAAC;IACL,CAAC;AACH,CAAC,CAAA,CAAC;AArBW,QAAA,SAAS,aAqBpB;AAEK,MAAM,YAAY,GAAG,CAC1B,GAAoB,EACpB,GAAqB,EACrB,EAAE;IACF,IAAI,CAAC;QACH,MAAM,MAAM,GAAG,GAAG,CAAC,MAAM,CAAC,EAAE,CAAC;QAC7B,MAAM,YAAY,GAAG,MAAM,IAAA,sBAAW,EAAC,MAAM,CAAC,CAAC;QAC/C,IAAI,CAAC,YAAY,EAAE,CAAC;YAClB,OAAO,GAAG,CAAC,MAAM,CAAC,GAAG,CAAC,CAAC,IAAI,CAAC;gBAC1B,OAAO,EAAE,eAAe;aACzB,CAAC,CAAC;QACL,CAAC;QACD,MAAM,QAAQ,GAAG,MAAM,IAAA,sBAAW,EAAC,MAAM,CAAC,CAAC;QAC3C,OAAO,GAAG,CAAC,MAAM,CAAC,GAAG,CAAC,CAAC,IAAI,CAAC;YAC1B,OAAO,EAAE,yBAAyB;YAClC,IAAI,EAAE,QAAQ;SACf,CAAC,CAAC;IACL,CAAC;IAAC,OAAO,KAAU,EAAE,CAAC;QACpB,OAAO,GAAG,CAAC,MAAM,CAAC,GAAG,CAAC,CAAC,IAAI,CAAC;YAC1B,OAAO,EAAE,uBAAuB;YAChC,KAAK,EAAE,KAAK,CAAC,OAAO;SACrB,CAAC,CAAC;IACL,CAAC;AACH,CAAC,CAAA,CAAC;AAvBW,QAAA,YAAY,gBAuBvB;AAEF,mBAAmB;AACZ,MAAM,WAAW,GAAG,CACzB,GAAoB,EACpB,GAAqB,EACrB,EAAE;IACF,IAAI,CAAC;QACH,MAAM,MAAM,GAAG,GAAG,CAAC,MAAM,CAAC,EAAE,CAAC;QAC7B,MAAM,YAAY,GAAG,MAAM,IAAA,sBAAW,EAAC,MAAM,CAAC,CAAC;QAC/C,IAAI,CAAC,YAAY,EAAE,CAAC;YAClB,OAAO,GAAG,CAAC,MAAM,CAAC,GAAG,CAAC,CAAC,IAAI,CAAC;gBAC1B,OAAO,EAAE,eAAe;aACzB,CAAC,CAAC;QACL,CAAC;QACD,MAAM,WAAW,GAAG,MAAM,IAAA,qBAAU,EAAC,MAAM,CAAC,CAAC;QAC7C,OAAO,GAAG,CAAC,MAAM,CAAC,GAAG,CAAC,CAAC,IAAI,CAAC;YAC1B,OAAO,EAAE,2BAA2B;YACpC,IAAI,EAAE,WAAW;SAClB,CAAC,CAAC;IACL,CAAC;IAAC,OAAO,KAAU,EAAE,CAAC;QACpB,OAAO,GAAG,CAAC,MAAM,CAAC,GAAG,CAAC,CAAC,IAAI,CAAC;YAC1B,OAAO,EAAE,uBAAuB;YAChC,KAAK,EAAE,KAAK,CAAC,OAAO;SACrB,CAAC,CAAC;IACL,CAAC;AACH,CAAC,CAAA,CAAC;AAvBW,QAAA,WAAW,eAuBtB;AAEF,mBAAmB;AACN,QAAA,WAAW,GAAG,YAAY,CACrC,CAAO,GAAoB,EAAE,GAAqB,EAAiB,EAAE;IACnE,IAAI,CAAC;QACH,MAAM,MAAM,GAAG,GAAG,CAAC,MAAM,CAAC,EAAE,CAAC;QAC7B,IAAI,CAAC,GAAG,CAAC,IAAI,EAAE,CAAC;YACd,GAAG,CAAC,MAAM,CAAC,GAAG,CAAC,CAAC,IAAI,CAAC;gBACnB,OAAO,EAAE,wBAAwB;aAClC,CAAC,CAAC;YACH,OAAO;QACT,CAAC;QACD,MAAM,MAAM,GAAG,MAAM,YAAY,CAAC,GAAG,CAAC,IAAI,CAAC,CAAC;QAC5C,sBAAsB;QACtB,MAAM,IAAI,GAAG;YACX,KAAK,EAAE,GAAG,CAAC,IAAI,CAAC,KAAK;YACrB,WAAW,EAAE,GAAG,CAAC,IAAI,CAAC,WAAW;YACjC,OAAO,EAAE,GAAG,CAAC,IAAI,CAAC,OAAO;YACzB,KAAK,EAAE;gBACL,SAAS,EAAE,MAAM,aAAN,MAAM,uBAAN,MAAM,CAAE,SAAS;gBAC5B,GAAG,EAAE,MAAM,aAAN,MAAM,uBAAN,MAAM,CAAE,UAAU;aACxB;SACF,CAAC;QAEF,MAAM,WAAW,GAAG,MAAM,IAAA,qBAAU,EAAC,MAAM,EAAE,IAAI,CAAC,CAAC;QACnD,IAAI,CAAC,WAAW,EAAE,CAAC;YACjB,GAAG,CAAC,MAAM,CAAC,GAAG,CAAC,CAAC,IAAI,CAAC;gBACnB,OAAO,EAAE,aAAa,MAAM,iBAAiB;aAC9C,CAAC,CAAC;QACL,CAAC;QACD,GAAG,CAAC,MAAM,CAAC,GAAG,CAAC,CAAC,IAAI,CAAC;YACnB,OAAO,EAAE,2BAA2B;YACpC,IAAI,EAAE,WAAW;SAClB,CAAC,CAAC;IACL,CAAC;IAAC,OAAO,KAAU,EAAE,CAAC;QACpB,GAAG,CAAC,MAAM,CAAC,GAAG,CAAC,CAAC,IAAI,CAAC;YACnB,OAAO,EAAE,uBAAuB;YAChC,KAAK,EAAE,KAAK,CAAC,OAAO;SACrB,CAAC,CAAC;IACL,CAAC;AACH,CAAC,CAAA,CACF,CAAC","sourcesContent":["import express from 'express';\r\nimport { createBlog, getAllBlog, getBlogById, deleteBlog, updateBlog } from \"../repository/blogRepo\";\r\n\r\n\r\nimport { cloudinary } from \"../../../utils/cloudinary\";\r\nconst asyncHandler = require(\"express-async-handler\");\r\n\r\nconst uploadImages = async (\r\n  fileToUpload: any\r\n): Promise<{ public_id: string; secure_url: string }> => {\r\n  try {\r\n    if (!fileToUpload.path) {\r\n      throw new Error(\"No file uploaded\");\r\n    }\r\n    const result = await cloudinary.uploader.upload(fileToUpload?.path);\r\n    return {\r\n      public_id: result.public_id,\r\n      secure_url: result.secure_url,\r\n    };\r\n  } catch (error) {\r\n    console.log(error);\r\n    throw new Error(\"Image upload failed\");\r\n  }\r\n};\r\n//create blogs\r\nexport const createBlogs = asyncHandler(\r\n  async (req: express.Request, res: express.Response): Promise<void> => {\r\n    try {\r\n      if (!req.file) {\r\n        res.status(404).json({\r\n          message: \"Please upload an image\",\r\n        });\r\n      }\r\n      const result = await uploadImages(req.file);\r\n      //console.log(result)\r\n      const blogData = {\r\n        title: req.body.title,\r\n        description: req.body.description,\r\n        content: req.body.content,\r\n        image: {\r\n          public_id: result?.public_id,\r\n          url: result?.secure_url,\r\n        },\r\n      };\r\n      //console.log(blogData)\r\n      const blogs = await createBlog(blogData);\r\n      res\r\n        .status(200)\r\n        .json({ blogDetail: blogs, message: \"Blog created successfully\" });\r\n    } catch (error) {\r\n      res.status(500).json({\r\n        message: \"Internal server error\",\r\n      });\r\n    }\r\n  }\r\n);\r\n\r\n//get all blogs\r\nexport const viewBlogs = async (\r\n  req: express.Request,\r\n  res: express.Response\r\n) => {\r\n  try {\r\n    const allBlogs = await getAllBlog();\r\n    if (!allBlogs || allBlogs.length === 0) {\r\n      return res.status(404).json({\r\n        message: \"blogs were not found\",\r\n      });\r\n    }\r\n    return res.status(200).json({\r\n      message: \"all blogs were successfully found\",\r\n      data: allBlogs,\r\n    });\r\n  } catch (error: any) {\r\n    return res.status(500).json({\r\n      message: \"Internal Server Error\",\r\n      error: error.message,\r\n    });\r\n  }\r\n};\r\n\r\nexport const viewBlogById = async (\r\n  req: express.Request,\r\n  res: express.Response\r\n) => {\r\n  try {\r\n    const blogId = req.params.id;\r\n    const existingBlog = await getBlogById(blogId);\r\n    if (!existingBlog) {\r\n      return res.status(404).json({\r\n        message: \"No blog found\",\r\n      });\r\n    }\r\n    const viewBlog = await getBlogById(blogId);\r\n    return res.status(200).json({\r\n      message: \"Blog found successfully\",\r\n      data: viewBlog,\r\n    });\r\n  } catch (error: any) {\r\n    return res.status(500).json({\r\n      message: \"Internal Server Error\",\r\n      error: error.message,\r\n    });\r\n  }\r\n};\r\n\r\n//delete blog by id\r\nexport const deletedBlog = async (\r\n  req: express.Request,\r\n  res: express.Response\r\n) => {\r\n  try {\r\n    const blogId = req.params.id;\r\n    const existingBlog = await getBlogById(blogId);\r\n    if (!existingBlog) {\r\n      return res.status(404).json({\r\n        message: \"No blog found\",\r\n      });\r\n    }\r\n    const deletedBlog = await deleteBlog(blogId);\r\n    return res.status(200).json({\r\n      message: \"Blog deleted successfully\",\r\n      data: deletedBlog,\r\n    });\r\n  } catch (error: any) {\r\n    return res.status(500).json({\r\n      message: \"Internal Server Error\",\r\n      error: error.message,\r\n    });\r\n  }\r\n};\r\n\r\n//update blog by id\r\nexport const updatedBlog = asyncHandler(\r\n  async (req: express.Request, res: express.Response): Promise<void> => {\r\n    try {\r\n      const blogId = req.params.id;\r\n      if (!req.file) {\r\n        res.status(404).json({\r\n          message: \"Please upload an image\",\r\n        });\r\n        return;\r\n      }\r\n      const result = await uploadImages(req.file);\r\n      //console.log(result);\r\n      const body = {\r\n        title: req.body.title,\r\n        description: req.body.description,\r\n        content: req.body.content,\r\n        image: {\r\n          public_id: result?.public_id,\r\n          url: result?.secure_url,\r\n        },\r\n      };\r\n\r\n      const updatedBlog = await updateBlog(blogId, body);\r\n      if (!updatedBlog) {\r\n        res.status(404).json({\r\n          message: `Blog with ${blogId}} is not found.`,\r\n        });\r\n      }\r\n      res.status(200).json({\r\n        message: \"Blog Updated successfully\",\r\n        data: updatedBlog,\r\n      });\r\n    } catch (error: any) {\r\n      res.status(500).json({\r\n        message: \"Internal Server Error\",\r\n        error: error.message,\r\n      });\r\n    }\r\n  }\r\n);"]},"_coverageSchema":"1a1c01bbd47fc00a2c39e90264f33305004495a9","hash":"ad1db1eff7f20ece744227901bc06d31436d4b25"},"C:\\Users\\USER\\Documents\\andela\\backend-mybrand\\src\\modules\\blogs\\repository\\blogRepo.ts":{"path":"C:\\Users\\USER\\Documents\\andela\\backend-mybrand\\src\\modules\\blogs\\repository\\blogRepo.ts","statementMap":{"0":{"start":{"line":2,"column":16},"end":{"line":10,"column":1}},"1":{"start":{"line":3,"column":28},"end":{"line":3,"column":110}},"2":{"start":{"line":3,"column":91},"end":{"line":3,"column":106}},"3":{"start":{"line":4,"column":4},"end":{"line":9,"column":7}},"4":{"start":{"line":5,"column":36},"end":{"line":5,"column":97}},"5":{"start":{"line":5,"column":42},"end":{"line":5,"column":70}},"6":{"start":{"line":5,"column":85},"end":{"line":5,"column":95}},"7":{"start":{"line":6,"column":35},"end":{"line":6,"column":100}},"8":{"start":{"line":6,"column":41},"end":{"line":6,"column":73}},"9":{"start":{"line":6,"column":88},"end":{"line":6,"column":98}},"10":{"start":{"line":7,"column":32},"end":{"line":7,"column":116}},"11":{"start":{"line":8,"column":8},"end":{"line":8,"column":78}},"12":{"start":{"line":11,"column":22},"end":{"line":13,"column":1}},"13":{"start":{"line":12,"column":4},"end":{"line":12,"column":62}},"14":{"start":{"line":14,"column":0},"end":{"line":14,"column":62}},"15":{"start":{"line":15,"column":0},"end":{"line":15,"column":113}},"16":{"start":{"line":16,"column":16},"end":{"line":16,"column":74}},"17":{"start":{"line":17,"column":19},"end":{"line":19,"column":2}},"18":{"start":{"line":17,"column":29},"end":{"line":19,"column":2}},"19":{"start":{"line":18,"column":4},"end":{"line":18,"column":46}},"20":{"start":{"line":20,"column":0},"end":{"line":20,"column":32}},"21":{"start":{"line":21,"column":19},"end":{"line":23,"column":2}},"22":{"start":{"line":21,"column":25},"end":{"line":23,"column":2}},"23":{"start":{"line":22,"column":4},"end":{"line":22,"column":40}},"24":{"start":{"line":24,"column":0},"end":{"line":24,"column":32}},"25":{"start":{"line":25,"column":20},"end":{"line":27,"column":2}},"26":{"start":{"line":25,"column":28},"end":{"line":27,"column":2}},"27":{"start":{"line":26,"column":4},"end":{"line":26,"column":54}},"28":{"start":{"line":28,"column":0},"end":{"line":28,"column":34}},"29":{"start":{"line":29,"column":19},"end":{"line":31,"column":2}},"30":{"start":{"line":29,"column":33},"end":{"line":31,"column":2}},"31":{"start":{"line":30,"column":4},"end":{"line":30,"column":85}},"32":{"start":{"line":32,"column":0},"end":{"line":32,"column":32}},"33":{"start":{"line":33,"column":19},"end":{"line":35,"column":2}},"34":{"start":{"line":33,"column":27},"end":{"line":35,"column":2}},"35":{"start":{"line":34,"column":4},"end":{"line":34,"column":64}},"36":{"start":{"line":36,"column":0},"end":{"line":36,"column":32}}},"fnMap":{"0":{"name":"(anonymous_0)","decl":{"start":{"line":2,"column":44},"end":{"line":2,"column":45}},"loc":{"start":{"line":2,"column":89},"end":{"line":10,"column":1}},"line":2},"1":{"name":"adopt","decl":{"start":{"line":3,"column":13},"end":{"line":3,"column":18}},"loc":{"start":{"line":3,"column":26},"end":{"line":3,"column":112}},"line":3},"2":{"name":"(anonymous_2)","decl":{"start":{"line":3,"column":70},"end":{"line":3,"column":71}},"loc":{"start":{"line":3,"column":89},"end":{"line":3,"column":108}},"line":3},"3":{"name":"(anonymous_3)","decl":{"start":{"line":4,"column":36},"end":{"line":4,"column":37}},"loc":{"start":{"line":4,"column":63},"end":{"line":9,"column":5}},"line":4},"4":{"name":"fulfilled","decl":{"start":{"line":5,"column":17},"end":{"line":5,"column":26}},"loc":{"start":{"line":5,"column":34},"end":{"line":5,"column":99}},"line":5},"5":{"name":"rejected","decl":{"start":{"line":6,"column":17},"end":{"line":6,"column":25}},"loc":{"start":{"line":6,"column":33},"end":{"line":6,"column":102}},"line":6},"6":{"name":"step","decl":{"start":{"line":7,"column":17},"end":{"line":7,"column":21}},"loc":{"start":{"line":7,"column":30},"end":{"line":7,"column":118}},"line":7},"7":{"name":"(anonymous_7)","decl":{"start":{"line":11,"column":56},"end":{"line":11,"column":57}},"loc":{"start":{"line":11,"column":71},"end":{"line":13,"column":1}},"line":11},"8":{"name":"(anonymous_8)","decl":{"start":{"line":17,"column":19},"end":{"line":17,"column":20}},"loc":{"start":{"line":17,"column":29},"end":{"line":19,"column":2}},"line":17},"9":{"name":"(anonymous_9)","decl":{"start":{"line":17,"column":63},"end":{"line":17,"column":64}},"loc":{"start":{"line":17,"column":76},"end":{"line":19,"column":1}},"line":17},"10":{"name":"(anonymous_10)","decl":{"start":{"line":21,"column":19},"end":{"line":21,"column":20}},"loc":{"start":{"line":21,"column":25},"end":{"line":23,"column":2}},"line":21},"11":{"name":"(anonymous_11)","decl":{"start":{"line":21,"column":59},"end":{"line":21,"column":60}},"loc":{"start":{"line":21,"column":72},"end":{"line":23,"column":1}},"line":21},"12":{"name":"(anonymous_12)","decl":{"start":{"line":25,"column":20},"end":{"line":25,"column":21}},"loc":{"start":{"line":25,"column":28},"end":{"line":27,"column":2}},"line":25},"13":{"name":"(anonymous_13)","decl":{"start":{"line":25,"column":62},"end":{"line":25,"column":63}},"loc":{"start":{"line":25,"column":75},"end":{"line":27,"column":1}},"line":25},"14":{"name":"(anonymous_14)","decl":{"start":{"line":29,"column":19},"end":{"line":29,"column":20}},"loc":{"start":{"line":29,"column":33},"end":{"line":31,"column":2}},"line":29},"15":{"name":"(anonymous_15)","decl":{"start":{"line":29,"column":67},"end":{"line":29,"column":68}},"loc":{"start":{"line":29,"column":80},"end":{"line":31,"column":1}},"line":29},"16":{"name":"(anonymous_16)","decl":{"start":{"line":33,"column":19},"end":{"line":33,"column":20}},"loc":{"start":{"line":33,"column":27},"end":{"line":35,"column":2}},"line":33},"17":{"name":"(anonymous_17)","decl":{"start":{"line":33,"column":61},"end":{"line":33,"column":62}},"loc":{"start":{"line":33,"column":74},"end":{"line":35,"column":1}},"line":33}},"branchMap":{"0":{"loc":{"start":{"line":2,"column":16},"end":{"line":10,"column":1}},"type":"binary-expr","locations":[{"start":{"line":2,"column":17},"end":{"line":2,"column":21}},{"start":{"line":2,"column":25},"end":{"line":2,"column":39}},{"start":{"line":2,"column":44},"end":{"line":10,"column":1}}],"line":2},"1":{"loc":{"start":{"line":3,"column":35},"end":{"line":3,"column":109}},"type":"cond-expr","locations":[{"start":{"line":3,"column":56},"end":{"line":3,"column":61}},{"start":{"line":3,"column":64},"end":{"line":3,"column":109}}],"line":3},"2":{"loc":{"start":{"line":4,"column":16},"end":{"line":4,"column":34}},"type":"binary-expr","locations":[{"start":{"line":4,"column":16},"end":{"line":4,"column":17}},{"start":{"line":4,"column":22},"end":{"line":4,"column":33}}],"line":4},"3":{"loc":{"start":{"line":7,"column":32},"end":{"line":7,"column":115}},"type":"cond-expr","locations":[{"start":{"line":7,"column":46},"end":{"line":7,"column":67}},{"start":{"line":7,"column":70},"end":{"line":7,"column":115}}],"line":7},"4":{"loc":{"start":{"line":8,"column":51},"end":{"line":8,"column":67}},"type":"binary-expr","locations":[{"start":{"line":8,"column":51},"end":{"line":8,"column":61}},{"start":{"line":8,"column":65},"end":{"line":8,"column":67}}],"line":8},"5":{"loc":{"start":{"line":11,"column":22},"end":{"line":13,"column":1}},"type":"binary-expr","locations":[{"start":{"line":11,"column":23},"end":{"line":11,"column":27}},{"start":{"line":11,"column":31},"end":{"line":11,"column":51}},{"start":{"line":11,"column":56},"end":{"line":13,"column":1}}],"line":11},"6":{"loc":{"start":{"line":12,"column":11},"end":{"line":12,"column":61}},"type":"cond-expr","locations":[{"start":{"line":12,"column":37},"end":{"line":12,"column":40}},{"start":{"line":12,"column":43},"end":{"line":12,"column":61}}],"line":12},"7":{"loc":{"start":{"line":12,"column":12},"end":{"line":12,"column":33}},"type":"binary-expr","locations":[{"start":{"line":12,"column":12},"end":{"line":12,"column":15}},{"start":{"line":12,"column":19},"end":{"line":12,"column":33}}],"line":12}},"s":{"0":1,"1":1,"2":1,"3":1,"4":1,"5":1,"6":0,"7":0,"8":0,"9":0,"10":2,"11":1,"12":1,"13":1,"14":1,"15":1,"16":1,"17":1,"18":0,"19":0,"20":1,"21":1,"22":1,"23":1,"24":1,"25":1,"26":0,"27":0,"28":1,"29":1,"30":0,"31":0,"32":1,"33":1,"34":0,"35":0,"36":1},"f":{"0":1,"1":1,"2":1,"3":1,"4":1,"5":0,"6":2,"7":1,"8":0,"9":0,"10":1,"11":1,"12":0,"13":0,"14":0,"15":0,"16":0,"17":0},"b":{"0":[1,1,1],"1":[0,1],"2":[1,1],"3":[1,1],"4":[1,1],"5":[1,1,1],"6":[1,0],"7":[1,1]},"inputSourceMap":{"version":3,"file":"C:/Users/USER/Documents/andela/backend-mybrand/src/modules/blogs/repository/blogRepo.ts","sources":["C:/Users/USER/Documents/andela/backend-mybrand/src/modules/blogs/repository/blogRepo.ts"],"names":[],"mappings":";;;;;;;;;;;;;;;AAAA,2EAAuD;AAGhD,MAAM,UAAU,GAAG,CAAM,IAAQ,EAAC,EAAE;IACvC,OAAO,MAAM,eAAS,CAAC,MAAM,CAAC,IAAI,CAAC,CAAC;AACxC,CAAC,CAAA,CAAA;AAFY,QAAA,UAAU,cAEtB;AAEM,MAAM,UAAU,GAAG,GAAO,EAAE;IAC/B,OAAO,MAAM,eAAS,CAAC,IAAI,EAAE,CAAC;AAClC,CAAC,CAAA,CAAA;AAFY,QAAA,UAAU,cAEtB;AAEM,MAAM,WAAW,GAAG,CAAM,EAAS,EAAC,EAAE;IACzC,OAAO,MAAM,eAAS,CAAC,OAAO,CAAC,EAAC,GAAG,EAAC,EAAE,EAAC,CAAC,CAAC;AAC7C,CAAC,CAAA,CAAA;AAFY,QAAA,WAAW,eAEvB;AAEM,MAAM,UAAU,GAAG,CAAM,EAAS,EAAE,IAAS,EAAC,EAAE;IACnD,OAAO,MAAM,eAAS,CAAC,iBAAiB,CAAC,EAAC,GAAG,EAAC,EAAE,EAAC,EAAE,IAAI,EAAE,EAAC,GAAG,EAAC,IAAI,EAAC,CAAC,CAAC;AACzE,CAAC,CAAA,CAAA;AAFY,QAAA,UAAU,cAEtB;AAEM,MAAM,UAAU,GAAG,CAAM,EAAS,EAAC,EAAE;IACxC,OAAO,MAAM,eAAS,CAAC,iBAAiB,CAAC,EAAC,GAAG,EAAC,EAAE,EAAC,CAAC,CAAC;AACvD,CAAC,CAAA,CAAA;AAFY,QAAA,UAAU,cAEtB","sourcesContent":["import BlogModel from \"../../../database/models/blogs\";\r\n\r\n\r\nexport const createBlog = async(body:any)=>{\r\n    return await BlogModel.create(body);\r\n}\r\n\r\nexport const getAllBlog = async()=>{\r\n    return await BlogModel.find();\r\n}\r\n\r\nexport const getBlogById = async(id:string)=>{\r\n    return await BlogModel.findOne({_id:id});\r\n}\r\n\r\nexport const updateBlog = async(id:string, body: any)=>{\r\n    return await BlogModel.findByIdAndUpdate({_id:id}, body, {new:true});\r\n}\r\n\r\nexport const deleteBlog = async(id:string)=>{\r\n    return await BlogModel.findByIdAndDelete({_id:id});\r\n}"]},"_coverageSchema":"1a1c01bbd47fc00a2c39e90264f33305004495a9","hash":"dfbd9ba3634f6127ffe934f08c0ed77431ba30c8"}}