TN:
SF:src\index.ts
FN:12,(anonymous_1)
FN:25,(anonymous_2)
FNF:2
FNH:1
FNDA:0,(anonymous_1)
FNDA:1,(anonymous_2)
DA:1,1
DA:2,1
DA:3,1
DA:4,1
DA:5,1
DA:7,1
DA:8,1
DA:9,1
DA:12,1
DA:13,0
DA:18,1
DA:20,1
DA:23,1
DA:25,1
DA:26,1
DA:30,1
LF:16
LH:15
BRF:0
BRH:0
end_of_record
TN:
SF:src\middleware\authentication.ts
FN:6,(anonymous_1)
FN:17,(anonymous_2)
FNF:2
FNH:2
FNDA:13,(anonymous_1)
FNDA:7,(anonymous_2)
DA:1,1
DA:4,1
DA:6,1
DA:11,13
DA:12,13
DA:14,13
DA:15,6
DA:17,7
DA:18,7
DA:19,0
DA:21,7
DA:22,7
LF:12
LH:11
BRDA:4,0,0,1
BRDA:4,0,1,1
BRDA:12,1,0,13
BRDA:12,1,1,12
BRDA:14,2,0,6
BRDA:14,2,1,7
BRDA:18,3,0,0
BRDA:18,3,1,7
BRF:8
BRH:7
end_of_record
TN:
SF:src\modules\blogs\controller\blogController.ts
FN:6,(anonymous_7)
FN:8,(anonymous_8)
FN:20,(anonymous_9)
FN:20,(anonymous_10)
FN:52,(anonymous_11)
FN:55,(anonymous_12)
FN:75,(anonymous_13)
FN:78,(anonymous_14)
FN:101,(anonymous_15)
FN:104,(anonymous_16)
FN:128,(anonymous_17)
FN:128,(anonymous_18)
FNF:12
FNH:12
FNDA:3,(anonymous_7)
FNDA:3,(anonymous_8)
FNDA:2,(anonymous_9)
FNDA:2,(anonymous_10)
FNDA:1,(anonymous_11)
FNDA:1,(anonymous_12)
FNDA:2,(anonymous_13)
FNDA:2,(anonymous_14)
FNDA:2,(anonymous_15)
FNDA:2,(anonymous_16)
FNDA:3,(anonymous_17)
FNDA:3,(anonymous_18)
DA:2,1
DA:3,1
DA:4,1
DA:6,1
DA:8,3
DA:9,3
DA:12,3
DA:13,3
DA:19,1
DA:20,2
DA:21,2
DA:22,2
DA:23,1
DA:27,1
DA:29,1
DA:39,1
DA:40,1
DA:52,1
DA:55,1
DA:56,1
DA:57,1
DA:58,1
DA:63,1
DA:75,1
DA:78,2
DA:79,2
DA:80,2
DA:81,2
DA:82,2
DA:83,1
DA:87,1
DA:88,1
DA:101,1
DA:104,2
DA:105,2
DA:106,2
DA:107,2
DA:108,2
DA:109,1
DA:113,1
DA:114,1
DA:127,1
DA:128,3
DA:129,3
DA:130,3
DA:131,3
DA:132,1
DA:135,1
DA:137,2
DA:139,2
DA:149,2
DA:150,2
DA:151,1
DA:155,2
LF:54
LH:54
BRDA:9,0,0,0
BRDA:9,0,1,3
BRDA:12,1,0,0
BRDA:12,1,1,3
BRDA:12,2,0,3
BRDA:12,2,1,3
BRDA:22,3,0,1
BRDA:22,3,1,1
BRDA:34,4,0,0
BRDA:34,4,1,1
BRDA:34,5,0,1
BRDA:34,5,1,1
BRDA:35,6,0,0
BRDA:35,6,1,1
BRDA:35,7,0,1
BRDA:35,7,1,1
BRDA:58,8,0,0
BRDA:58,8,1,1
BRDA:58,9,0,1
BRDA:58,9,1,1
BRDA:82,10,0,1
BRDA:82,10,1,1
BRDA:108,11,0,1
BRDA:108,11,1,1
BRDA:131,12,0,1
BRDA:131,12,1,2
BRDA:144,13,0,0
BRDA:144,13,1,2
BRDA:144,14,0,2
BRDA:144,14,1,2
BRDA:145,15,0,0
BRDA:145,15,1,2
BRDA:145,16,0,2
BRDA:145,16,1,2
BRDA:150,17,0,1
BRDA:150,17,1,1
BRF:36
BRH:29
end_of_record
TN:
SF:src\routes\allroutes.ts
FNF:0
FNH:0
DA:1,1
DA:3,1
DA:4,1
DA:5,1
DA:7,1
DA:9,1
DA:10,1
DA:11,1
DA:13,1
LF:9
LH:9
BRF:0
BRH:0
end_of_record
TN:
SF:src\routes\blogRoutes.ts
FNF:0
FNH:0
DA:1,1
DA:2,1
DA:3,1
DA:10,1
DA:12,1
DA:87,1
DA:138,1
DA:189,1
DA:242,1
DA:292,1
DA:299,1
LF:11
LH:11
BRF:0
BRH:0
end_of_record
TN:
SF:src\routes\messageRoutes.ts
FNF:0
FNH:0
DA:1,1
DA:2,1
DA:3,1
DA:5,1
DA:78,1
DA:119,1
DA:167,1
DA:169,1
LF:8
LH:8
BRF:0
BRH:0
end_of_record
TN:
SF:src\routes\userRoutes.ts
FNF:0
FNH:0
DA:1,1
DA:2,1
DA:3,1
DA:5,1
DA:78,1
DA:132,1
DA:161,1
DA:207,1
DA:209,1
LF:9
LH:9
BRF:0
BRH:0
end_of_record
