TN:
SF:src\index.ts
FN:12,(anonymous_1)
FN:25,(anonymous_2)
FNF:2
FNH:1
FNDA:0,(anonymous_1)
FNDA:1,(anonymous_2)
DA:1,1
DA:2,1
DA:3,1
DA:4,1
DA:5,1
DA:7,1
DA:8,1
DA:9,1
DA:12,1
DA:13,0
DA:18,1
DA:20,1
DA:23,1
DA:25,1
DA:26,1
DA:30,1
LF:16
LH:15
BRF:0
BRH:0
end_of_record
TN:
SF:src\helpers\index.ts
FN:6,(anonymous_1)
FNF:1
FNH:0
FNDA:0,(anonymous_1)
DA:1,1
DA:4,1
DA:6,1
DA:7,0
DA:8,0
LF:5
LH:3
BRDA:4,0,0,1
BRDA:4,0,1,1
BRF:2
BRH:2
end_of_record
TN:
SF:src\helpers\passwordHelpers.ts
FN:3,(anonymous_8)
FN:3,(anonymous_9)
FN:6,(anonymous_10)
FN:6,(anonymous_11)
FNF:4
FNH:2
FNDA:0,(anonymous_8)
FNDA:0,(anonymous_9)
FNDA:1,(anonymous_10)
FNDA:1,(anonymous_11)
DA:1,1
DA:3,1
DA:4,0
DA:6,1
DA:7,1
LF:5
LH:4
BRF:0
BRH:0
end_of_record
TN:
SF:src\middleware\authentication.ts
FN:6,(anonymous_1)
FN:17,(anonymous_2)
FNF:2
FNH:1
FNDA:5,(anonymous_1)
FNDA:0,(anonymous_2)
DA:1,1
DA:4,1
DA:6,1
DA:11,5
DA:12,5
DA:14,5
DA:15,5
DA:17,0
DA:18,0
DA:19,0
DA:21,0
DA:22,0
LF:12
LH:7
BRDA:4,0,0,1
BRDA:4,0,1,1
BRDA:12,1,0,5
BRDA:12,1,1,5
BRDA:14,2,0,5
BRDA:14,2,1,0
BRDA:18,3,0,0
BRDA:18,3,1,0
BRF:8
BRH:5
end_of_record
TN:
SF:src\modules\blogs\controller\blogController.ts
FN:6,(anonymous_7)
FN:8,(anonymous_8)
FN:20,(anonymous_9)
FN:20,(anonymous_10)
FN:52,(anonymous_11)
FN:55,(anonymous_12)
FN:75,(anonymous_13)
FN:78,(anonymous_14)
FN:101,(anonymous_15)
FN:104,(anonymous_16)
FN:128,(anonymous_17)
FN:128,(anonymous_18)
FNF:12
FNH:0
FNDA:0,(anonymous_7)
FNDA:0,(anonymous_8)
FNDA:0,(anonymous_9)
FNDA:0,(anonymous_10)
FNDA:0,(anonymous_11)
FNDA:0,(anonymous_12)
FNDA:0,(anonymous_13)
FNDA:0,(anonymous_14)
FNDA:0,(anonymous_15)
FNDA:0,(anonymous_16)
FNDA:0,(anonymous_17)
FNDA:0,(anonymous_18)
DA:2,1
DA:3,1
DA:4,1
DA:6,1
DA:8,0
DA:9,0
DA:10,0
DA:12,0
DA:13,0
DA:19,1
DA:20,0
DA:21,0
DA:22,0
DA:23,0
DA:27,0
DA:29,0
DA:39,0
DA:40,0
DA:44,0
DA:52,1
DA:55,0
DA:56,0
DA:57,0
DA:58,0
DA:59,0
DA:63,0
DA:68,0
DA:75,1
DA:78,0
DA:79,0
DA:80,0
DA:81,0
DA:82,0
DA:83,0
DA:87,0
DA:88,0
DA:93,0
DA:101,1
DA:104,0
DA:105,0
DA:106,0
DA:107,0
DA:108,0
DA:109,0
DA:113,0
DA:114,0
DA:119,0
DA:127,1
DA:128,0
DA:129,0
DA:130,0
DA:131,0
DA:132,0
DA:135,0
DA:137,0
DA:139,0
DA:149,0
DA:150,0
DA:151,0
DA:155,0
DA:160,0
LF:61
LH:9
BRDA:9,0,0,0
BRDA:9,0,1,0
BRDA:12,1,0,0
BRDA:12,1,1,0
BRDA:12,2,0,0
BRDA:12,2,1,0
BRDA:22,3,0,0
BRDA:22,3,1,0
BRDA:34,4,0,0
BRDA:34,4,1,0
BRDA:34,5,0,0
BRDA:34,5,1,0
BRDA:35,6,0,0
BRDA:35,6,1,0
BRDA:35,7,0,0
BRDA:35,7,1,0
BRDA:58,8,0,0
BRDA:58,8,1,0
BRDA:58,9,0,0
BRDA:58,9,1,0
BRDA:82,10,0,0
BRDA:82,10,1,0
BRDA:108,11,0,0
BRDA:108,11,1,0
BRDA:131,12,0,0
BRDA:131,12,1,0
BRDA:144,13,0,0
BRDA:144,13,1,0
BRDA:144,14,0,0
BRDA:144,14,1,0
BRDA:145,15,0,0
BRDA:145,15,1,0
BRDA:145,16,0,0
BRDA:145,16,1,0
BRDA:150,17,0,0
BRDA:150,17,1,0
BRF:36
BRH:0
end_of_record
TN:
SF:src\modules\blogs\repository\blogRepo.ts
FN:4,(anonymous_8)
FN:4,(anonymous_9)
FN:8,(anonymous_10)
FN:8,(anonymous_11)
FN:12,(anonymous_12)
FN:12,(anonymous_13)
FN:16,(anonymous_14)
FN:16,(anonymous_15)
FN:20,(anonymous_16)
FN:20,(anonymous_17)
FNF:10
FNH:0
FNDA:0,(anonymous_8)
FNDA:0,(anonymous_9)
FNDA:0,(anonymous_10)
FNDA:0,(anonymous_11)
FNDA:0,(anonymous_12)
FNDA:0,(anonymous_13)
FNDA:0,(anonymous_14)
FNDA:0,(anonymous_15)
FNDA:0,(anonymous_16)
FNDA:0,(anonymous_17)
DA:1,1
DA:4,1
DA:5,0
DA:8,1
DA:9,0
DA:12,1
DA:13,0
DA:16,1
DA:17,0
DA:20,1
DA:21,0
LF:11
LH:6
BRF:0
BRH:0
end_of_record
TN:
SF:src\modules\message\controller\messageController.ts
FN:9,(anonymous_7)
FN:12,(anonymous_8)
FN:27,(anonymous_9)
FN:30,(anonymous_10)
FN:38,(anonymous_11)
FN:41,(anonymous_12)
FNF:6
FNH:2
FNDA:2,(anonymous_7)
FNDA:2,(anonymous_8)
FNDA:0,(anonymous_9)
FNDA:0,(anonymous_10)
FNDA:0,(anonymous_11)
FNDA:0,(anonymous_12)
DA:2,1
DA:9,1
DA:12,2
DA:13,2
DA:14,2
DA:15,2
DA:16,1
DA:21,1
DA:27,1
DA:30,0
DA:31,0
DA:32,0
DA:38,1
DA:41,0
DA:42,0
DA:43,0
DA:45,0
DA:46,0
DA:51,0
DA:52,0
LF:20
LH:10
BRDA:45,0,0,0
BRDA:45,0,1,0
BRF:2
BRH:0
end_of_record
TN:
SF:src\modules\message\repository\messageRepo.ts
FN:3,(anonymous_7)
FN:3,(anonymous_8)
FN:7,(anonymous_9)
FN:7,(anonymous_10)
FN:11,(anonymous_11)
FN:11,(anonymous_12)
FN:15,(anonymous_13)
FN:15,(anonymous_14)
FNF:8
FNH:2
FNDA:2,(anonymous_7)
FNDA:2,(anonymous_8)
FNDA:0,(anonymous_9)
FNDA:0,(anonymous_10)
FNDA:0,(anonymous_11)
FNDA:0,(anonymous_12)
FNDA:0,(anonymous_13)
FNDA:0,(anonymous_14)
DA:1,1
DA:3,2
DA:4,2
DA:7,1
DA:8,0
DA:11,1
DA:12,0
DA:15,1
DA:16,0
DA:19,1
LF:10
LH:7
BRF:0
BRH:0
end_of_record
TN:
SF:src\modules\user\controller\userController.ts
FN:6,(anonymous_7)
FN:6,(anonymous_8)
FN:41,(anonymous_9)
FN:41,(anonymous_10)
FN:75,(anonymous_11)
FN:75,(anonymous_12)
FN:96,(anonymous_13)
FN:96,(anonymous_14)
FNF:8
FNH:4
FNDA:4,(anonymous_7)
FNDA:4,(anonymous_8)
FNDA:4,(anonymous_9)
FNDA:4,(anonymous_10)
FNDA:0,(anonymous_11)
FNDA:0,(anonymous_12)
FNDA:0,(anonymous_13)
FNDA:0,(anonymous_14)
DA:2,1
DA:3,1
DA:4,1
DA:6,4
DA:7,4
DA:8,4
DA:9,4
DA:10,3
DA:15,1
DA:16,1
DA:17,1
DA:23,0
DA:24,0
DA:29,0
DA:34,0
DA:41,4
DA:42,4
DA:43,4
DA:44,4
DA:45,4
DA:46,3
DA:52,1
DA:53,1
DA:54,1
DA:59,0
DA:60,0
DA:68,0
DA:75,1
DA:76,0
DA:77,0
DA:78,0
DA:79,0
DA:84,0
DA:89,0
DA:96,1
DA:97,0
DA:98,0
DA:99,0
DA:100,0
DA:101,0
DA:105,0
DA:106,0
DA:112,0
LF:43
LH:22
BRDA:9,0,0,3
BRDA:9,0,1,1
BRDA:9,1,0,4
BRDA:9,1,1,1
BRDA:9,1,2,1
BRDA:16,2,0,1
BRDA:16,2,1,0
BRDA:45,3,0,3
BRDA:45,3,1,1
BRDA:53,4,0,1
BRDA:53,4,1,0
BRDA:78,5,0,0
BRDA:78,5,1,0
BRDA:78,6,0,0
BRDA:78,6,1,0
BRDA:100,7,0,0
BRDA:100,7,1,0
BRF:17
BRH:9
end_of_record
TN:
SF:src\modules\user\repository\userRepo.ts
FN:4,(anonymous_8)
FN:4,(anonymous_9)
FN:8,(anonymous_10)
FN:8,(anonymous_11)
FN:12,(anonymous_12)
FN:12,(anonymous_13)
FN:16,(anonymous_14)
FN:16,(anonymous_15)
FN:20,(anonymous_16)
FN:20,(anonymous_17)
FN:24,(anonymous_18)
FN:24,(anonymous_19)
FNF:12
FNH:2
FNDA:0,(anonymous_8)
FNDA:0,(anonymous_9)
FNDA:0,(anonymous_10)
FNDA:0,(anonymous_11)
FNDA:0,(anonymous_12)
FNDA:0,(anonymous_13)
FNDA:5,(anonymous_14)
FNDA:5,(anonymous_15)
FNDA:0,(anonymous_16)
FNDA:0,(anonymous_17)
FNDA:0,(anonymous_18)
FNDA:0,(anonymous_19)
DA:1,1
DA:4,1
DA:5,0
DA:8,1
DA:9,0
DA:12,1
DA:13,0
DA:16,5
DA:17,5
DA:20,1
DA:21,0
DA:24,1
DA:25,0
LF:13
LH:8
BRF:0
BRH:0
end_of_record
TN:
SF:src\routes\allroutes.ts
FNF:0
FNH:0
DA:1,1
DA:3,1
DA:4,1
DA:5,1
DA:7,1
DA:9,1
DA:10,1
DA:11,1
DA:13,1
LF:9
LH:9
BRF:0
BRH:0
end_of_record
TN:
SF:src\routes\blogRoutes.ts
FNF:0
FNH:0
DA:1,1
DA:2,1
DA:3,1
DA:10,1
DA:12,1
DA:87,1
DA:138,1
DA:189,1
DA:242,1
DA:292,1
DA:299,1
LF:11
LH:11
BRF:0
BRH:0
end_of_record
TN:
SF:src\routes\messageRoutes.ts
FNF:0
FNH:0
DA:1,1
DA:2,1
DA:3,1
DA:5,1
DA:78,1
DA:119,1
DA:167,1
DA:169,1
LF:8
LH:8
BRF:0
BRH:0
end_of_record
TN:
SF:src\routes\userRoutes.ts
FNF:0
FNH:0
DA:1,1
DA:2,1
DA:3,1
DA:5,1
DA:78,1
DA:132,1
DA:161,1
DA:207,1
DA:209,1
LF:9
LH:9
BRF:0
BRH:0
end_of_record
